The system is: Linux - 3.2.0-49-generic-pae - i686
Determining if files pthread.h exist passed with the following output:
Change Dir: /home/borjamon/naopruebas/naoserver2/build-robot/CMakeFiles/CMakeTmp

Run Build Command:/usr/bin/make "cmTryCompileExec/fast"
/usr/bin/make -f CMakeFiles/cmTryCompileExec.dir/build.make CMakeFiles/cmTryCompileExec.dir/build
make[1]: se ingresa al directorio «/home/borjamon/naopruebas/naoserver2/build-robot/CMakeFiles/CMakeTmp»
/usr/bin/cmake -E cmake_progress_report /home/borjamon/naopruebas/naoserver2/build-robot/CMakeFiles/CMakeTmp/CMakeFiles 1
Building C object CMakeFiles/cmTryCompileExec.dir/CheckIncludeFiles.c.o
/home/borjamon/naoqi-sdk-1.12-linux32/ctc/cross/bin/i686-pc-linux-gnu-gcc   --sysroot /home/borjamon/naoqi-sdk-1.12-linux32/ctc//sysroot// -DOE_CROSS_BUILD     -o CMakeFiles/cmTryCompileExec.dir/CheckIncludeFiles.c.o   -c /home/borjamon/naopruebas/naoserver2/build-robot/CMakeFiles/CMakeTmp/CheckIncludeFiles.c
Linking C executable cmTryCompileExec
/usr/bin/cmake -E cmake_link_script CMakeFiles/cmTryCompileExec.dir/link.txt --verbose=1
/home/borjamon/naoqi-sdk-1.12-linux32/ctc/cross/bin/i686-pc-linux-gnu-gcc   --sysroot /home/borjamon/naoqi-sdk-1.12-linux32/ctc//sysroot// -DOE_CROSS_BUILD    -Wl,--sysroot,/home/borjamon/naoqi-sdk-1.12-linux32/ctc//sysroot// CMakeFiles/cmTryCompileExec.dir/CheckIncludeFiles.c.o  -o cmTryCompileExec -rdynamic 
make[1]: se sale del directorio «/home/borjamon/naopruebas/naoserver2/build-robot/CMakeFiles/CMakeTmp»


Determining if the function pthread_create exists in the pthread passed with the following output:
Change Dir: /home/borjamon/naopruebas/naoserver2/build-robot/CMakeFiles/CMakeTmp

Run Build Command:/usr/bin/make "cmTryCompileExec/fast"
/usr/bin/make -f CMakeFiles/cmTryCompileExec.dir/build.make CMakeFiles/cmTryCompileExec.dir/build
make[1]: se ingresa al directorio «/home/borjamon/naopruebas/naoserver2/build-robot/CMakeFiles/CMakeTmp»
/usr/bin/cmake -E cmake_progress_report /home/borjamon/naopruebas/naoserver2/build-robot/CMakeFiles/CMakeTmp/CMakeFiles 1
Building C object CMakeFiles/cmTryCompileExec.dir/CheckFunctionExists.c.o
/home/borjamon/naoqi-sdk-1.12-linux32/ctc/cross/bin/i686-pc-linux-gnu-gcc   --sysroot /home/borjamon/naoqi-sdk-1.12-linux32/ctc//sysroot// -DOE_CROSS_BUILD  -DCHECK_FUNCTION_EXISTS=pthread_create   -o CMakeFiles/cmTryCompileExec.dir/CheckFunctionExists.c.o   -c /usr/share/cmake-2.8/Modules/CheckFunctionExists.c
Linking C executable cmTryCompileExec
/usr/bin/cmake -E cmake_link_script CMakeFiles/cmTryCompileExec.dir/link.txt --verbose=1
/home/borjamon/naoqi-sdk-1.12-linux32/ctc/cross/bin/i686-pc-linux-gnu-gcc   --sysroot /home/borjamon/naoqi-sdk-1.12-linux32/ctc//sysroot// -DOE_CROSS_BUILD  -DCHECK_FUNCTION_EXISTS=pthread_create  -Wl,--sysroot,/home/borjamon/naoqi-sdk-1.12-linux32/ctc//sysroot// CMakeFiles/cmTryCompileExec.dir/CheckFunctionExists.c.o  -o cmTryCompileExec -rdynamic -lpthread 
make[1]: se sale del directorio «/home/borjamon/naopruebas/naoserver2/build-robot/CMakeFiles/CMakeTmp»


The system is: Linux - 3.2.0-49-generic-pae - i686
Determining if files pthread.h exist passed with the following output:
Change Dir: /home/borjamon/naopruebas/naoserver2/build-robot/CMakeFiles/CMakeTmp

Run Build Command:/usr/bin/make "cmTryCompileExec/fast"
/usr/bin/make -f CMakeFiles/cmTryCompileExec.dir/build.make CMakeFiles/cmTryCompileExec.dir/build
make[1]: se ingresa al directorio «/home/borjamon/naopruebas/naoserver2/build-robot/CMakeFiles/CMakeTmp»
/usr/bin/cmake -E cmake_progress_report /home/borjamon/naopruebas/naoserver2/build-robot/CMakeFiles/CMakeTmp/CMakeFiles 1
Building C object CMakeFiles/cmTryCompileExec.dir/CheckIncludeFiles.c.o
/home/borjamon/naoqi-sdk-1.12-linux32/ctc/cross/bin/i686-pc-linux-gnu-gcc   --sysroot /home/borjamon/naoqi-sdk-1.12-linux32/ctc//sysroot// -DOE_CROSS_BUILD     -o CMakeFiles/cmTryCompileExec.dir/CheckIncludeFiles.c.o   -c /home/borjamon/naopruebas/naoserver2/build-robot/CMakeFiles/CMakeTmp/CheckIncludeFiles.c
Linking C executable cmTryCompileExec
/usr/bin/cmake -E cmake_link_script CMakeFiles/cmTryCompileExec.dir/link.txt --verbose=1
/home/borjamon/naoqi-sdk-1.12-linux32/ctc/cross/bin/i686-pc-linux-gnu-gcc   --sysroot /home/borjamon/naoqi-sdk-1.12-linux32/ctc//sysroot// -DOE_CROSS_BUILD    -Wl,--sysroot,/home/borjamon/naoqi-sdk-1.12-linux32/ctc//sysroot// CMakeFiles/cmTryCompileExec.dir/CheckIncludeFiles.c.o  -o cmTryCompileExec -rdynamic 
make[1]: se sale del directorio «/home/borjamon/naopruebas/naoserver2/build-robot/CMakeFiles/CMakeTmp»


Determining if the function pthread_create exists in the pthread passed with the following output:
Change Dir: /home/borjamon/naopruebas/naoserver2/build-robot/CMakeFiles/CMakeTmp

Run Build Command:/usr/bin/make "cmTryCompileExec/fast"
/usr/bin/make -f CMakeFiles/cmTryCompileExec.dir/build.make CMakeFiles/cmTryCompileExec.dir/build
make[1]: se ingresa al directorio «/home/borjamon/naopruebas/naoserver2/build-robot/CMakeFiles/CMakeTmp»
/usr/bin/cmake -E cmake_progress_report /home/borjamon/naopruebas/naoserver2/build-robot/CMakeFiles/CMakeTmp/CMakeFiles 1
Building C object CMakeFiles/cmTryCompileExec.dir/CheckFunctionExists.c.o
/home/borjamon/naoqi-sdk-1.12-linux32/ctc/cross/bin/i686-pc-linux-gnu-gcc   --sysroot /home/borjamon/naoqi-sdk-1.12-linux32/ctc//sysroot// -DOE_CROSS_BUILD  -DCHECK_FUNCTION_EXISTS=pthread_create   -o CMakeFiles/cmTryCompileExec.dir/CheckFunctionExists.c.o   -c /usr/share/cmake-2.8/Modules/CheckFunctionExists.c
Linking C executable cmTryCompileExec
/usr/bin/cmake -E cmake_link_script CMakeFiles/cmTryCompileExec.dir/link.txt --verbose=1
/home/borjamon/naoqi-sdk-1.12-linux32/ctc/cross/bin/i686-pc-linux-gnu-gcc   --sysroot /home/borjamon/naoqi-sdk-1.12-linux32/ctc//sysroot// -DOE_CROSS_BUILD  -DCHECK_FUNCTION_EXISTS=pthread_create  -Wl,--sysroot,/home/borjamon/naoqi-sdk-1.12-linux32/ctc//sysroot// CMakeFiles/cmTryCompileExec.dir/CheckFunctionExists.c.o  -o cmTryCompileExec -rdynamic -lpthread 
make[1]: se sale del directorio «/home/borjamon/naopruebas/naoserver2/build-robot/CMakeFiles/CMakeTmp»


