17:50:32: Creating resource group General
17:50:32: Creating resource group Internal
17:50:32: Creating resource group Autodetect
17:50:32: SceneManagerFactory for type 'DefaultSceneManager' registered.
17:50:32: Registering ResourceManager for type Material
17:50:32: Registering ResourceManager for type Mesh
17:50:32: Registering ResourceManager for type Skeleton
17:50:32: MovableObjectFactory for type 'ParticleSystem' registered.
17:50:32: OverlayElementFactory for type Panel registered.
17:50:32: OverlayElementFactory for type BorderPanel registered.
17:50:32: OverlayElementFactory for type TextArea registered.
17:50:32: Registering ResourceManager for type Font
17:50:32: ArchiveFactory for archive type FileSystem registered.
17:50:32: ArchiveFactory for archive type Zip registered.
17:50:32: FreeImage version: 3.10.0
17:50:32: This program uses FreeImage, a free, open source image library supporting all common bitmap formats. See http://freeimage.sourceforge.net for details
17:50:32: Supported formats: bmp,ico,jpg,jif,jpeg,jpe,jng,koa,iff,lbm,mng,pbm,pbm,pcd,pcx,pgm,pgm,png,ppm,ppm,ras,tga,targa,tif,tiff,wap,wbmp,wbm,psd,cut,xbm,xpm,gif,hdr,g3,sgi,exr,j2k,j2c,jp2
17:50:32: DDS codec registering
17:50:32: Registering ResourceManager for type HighLevelGpuProgram
17:50:32: Registering ResourceManager for type Compositor
17:50:32: MovableObjectFactory for type 'Entity' registered.
17:50:32: MovableObjectFactory for type 'Light' registered.
17:50:32: MovableObjectFactory for type 'BillboardSet' registered.
17:50:32: MovableObjectFactory for type 'ManualObject' registered.
17:50:32: MovableObjectFactory for type 'BillboardChain' registered.
17:50:32: MovableObjectFactory for type 'RibbonTrail' registered.
17:50:32: OGRE EXCEPTION(6:FileNotFoundException): 'plugins.cfg' file not found! in ConfigFile::load at OgreConfigFile.cpp (line 84)
17:50:32: plugins.cfg not found, automatic plugin loading disabled.
17:50:32: *-*-* OGRE Initialising
17:50:32: *-*-* Version 1.6.4 (Shoggoth)
17:50:32: Loading library /usr/lib/OGRE/RenderSystem_GL.so
17:50:32: Installing plugin: GL RenderSystem
17:50:32: OpenGL Rendering Subsystem created.
17:50:32: Plugin successfully installed
17:50:32: Loading library /usr/lib/OGRE/Plugin_ParticleFX.so
17:50:32: Installing plugin: ParticleFX
17:50:32: Particle Emitter Type 'Point' registered
17:50:32: Particle Emitter Type 'Box' registered
17:50:32: Particle Emitter Type 'Ellipsoid' registered
17:50:32: Particle Emitter Type 'Cylinder' registered
17:50:32: Particle Emitter Type 'Ring' registered
17:50:32: Particle Emitter Type 'HollowEllipsoid' registered
17:50:32: Particle Affector Type 'LinearForce' registered
17:50:32: Particle Affector Type 'ColourFader' registered
17:50:32: Particle Affector Type 'ColourFader2' registered
17:50:32: Particle Affector Type 'ColourImage' registered
17:50:32: Particle Affector Type 'ColourInterpolator' registered
17:50:32: Particle Affector Type 'Scaler' registered
17:50:32: Particle Affector Type 'Rotator' registered
17:50:32: Particle Affector Type 'DirectionRandomiser' registered
17:50:32: Particle Affector Type 'DeflectorPlane' registered
17:50:32: Plugin successfully installed
17:50:32: Added resource location '/usr/local/share/gazebo/Media' of type 'FileSystem' to resource group 'General'
17:50:32: Added resource location '/usr/local/share/gazebo/Media/fonts' of type 'FileSystem' to resource group 'General'
17:50:32: Added resource location '/usr/local/share/gazebo/Media/materials/programs' of type 'FileSystem' to resource group 'General'
17:50:32: Added resource location '/usr/local/share/gazebo/Media/materials/scripts' of type 'FileSystem' to resource group 'General'
17:50:32: Added resource location '/usr/local/share/gazebo/Media/materials/textures' of type 'FileSystem' to resource group 'General'
17:50:32: Added resource location '/usr/local/share/gazebo/Media/models' of type 'FileSystem' to resource group 'General'
17:50:32: Added resource location '/usr/local/share/gazebo/Media/sets' of type 'FileSystem' to resource group 'General'
17:50:32: Added resource location '/usr/local/share/gazebo/Media/maps' of type 'FileSystem' to resource group 'General'
17:50:32: Added resource location '/usr/local/share/gazebo/Media/sets/.' of type 'FileSystem' to resource group 'General'
17:50:32: Added resource location '/usr/local/share/gazebo/Media/sets/pioneer2at' of type 'FileSystem' to resource group 'General'
17:50:32: Added resource location '/usr/local/share/gazebo/Media/sets/pioneer2dx' of type 'FileSystem' to resource group 'General'
17:50:32: Added resource location '/usr/local/share/gazebo/Media/sets/..' of type 'FileSystem' to resource group 'General'
17:50:32: CPU Identifier & Features
17:50:32: -------------------------
17:50:32:  *   CPU ID: GenuineIntel: Intel(R) Core(TM)2 Duo CPU     P7450  @ 2.13GHz
17:50:32:  *      SSE: yes
17:50:32:  *     SSE2: yes
17:50:32:  *     SSE3: yes
17:50:32:  *      MMX: yes
17:50:32:  *   MMXEXT: yes
17:50:32:  *    3DNOW: no
17:50:32:  * 3DNOWEXT: no
17:50:32:  *     CMOV: yes
17:50:32:  *      TSC: yes
17:50:32:  *      FPU: yes
17:50:32:  *      PRO: yes
17:50:32:  *       HT: no
17:50:32: -------------------------
17:50:32: ******************************
*** Starting GLX Subsystem ***
******************************
17:50:33: GLRenderSystem::_createRenderWindow "OgreWindow(0)", 548x480 windowed  miscParams: FSAA=2 externalWindowHandle=117440543 
17:50:33: GLXWindow::create: The externalWindowHandle parameter is deprecated.
Use the parentWindowHandle or currentGLContext parameter instead.
17:50:33: GLXWindow::create used FBConfigID = 41
17:50:33: GL_VERSION = 3.2.9756 Compatibility Profile Context
17:50:33: GL_VENDOR = ATI Technologies Inc.
17:50:33: GL_RENDERER = ATI Mobility Radeon HD 4650
17:50:33: GL_EXTENSIONS = GL_AMDX_name_gen_delete GL_AMDX_vertex_shader_tessellator GL_AMD_conservative_depth GL_AMD_draw_buffers_blend GL_AMD_performance_monitor GL_AMD_seamless_cubemap_per_texture GL_AMD_shader_stencil_export GL_AMD_texture_cube_map_array GL_AMD_texture_texture4 GL_AMD_vertex_shader_tessellator GL_ARB_color_buffer_float GL_ARB_copy_buffer GL_ARB_depth_buffer_float GL_ARB_depth_clamp GL_ARB_depth_texture GL_ARB_draw_buffers GL_ARB_draw_buffers_blend GL_ARB_draw_elements_base_vertex GL_ARB_draw_instanced GL_ARB_fragment_coord_conventions GL_ARB_fragment_program GL_ARB_fragment_program_shadow GL_ARB_fragment_shader GL_ARB_framebuffer_object GL_ARB_framebuffer_sRGB GL_ARB_geometry_shader4 GL_ARB_half_float_pixel GL_ARB_half_float_vertex GL_ARB_imaging GL_ARB_instanced_arrays GL_ARB_map_buffer_range GL_ARB_multisample GL_ARB_multitexture GL_ARB_occlusion_query GL_ARB_pixel_buffer_object GL_ARB_point_parameters GL_ARB_point_sprite GL_ARB_provoking_vertex GL_ARB_seamless_cube_map GL_ARB_shader_objects GL_ARB_shader_texture_lod GL_ARB_shading_language_100 GL_ARB_shadow GL_ARB_shadow_ambient GL_ARB_sync GL_ARB_texture_border_clamp GL_ARB_texture_buffer_object GL_ARB_texture_compression GL_ARB_texture_compression_rgtc GL_ARB_texture_cube_map GL_ARB_texture_cube_map_array GL_ARB_texture_env_add GL_ARB_texture_env_combine GL_ARB_texture_env_crossbar GL_ARB_texture_env_dot3 GL_ARB_texture_float GL_ARB_texture_mirrored_repeat GL_ARB_texture_multisample GL_ARB_texture_non_power_of_two GL_ARB_texture_query_lod GL_ARB_texture_rectangle GL_ARB_texture_rg GL_ARB_texture_snorm GL_ARB_transpose_matrix GL_ARB_uniform_buffer_object GL_ARB_vertex_array_bgra GL_ARB_vertex_array_object GL_ARB_vertex_buffer_object GL_ARB_vertex_program GL_ARB_vertex_shader GL_ARB_window_pos GL_ATI_draw_buffers GL_ATI_envmap_bumpmap GL_ATI_fragment_shader GL_ATI_meminfo GL_ATI_separate_stencil GL_ATI_texture_compression_3dc GL_ATI_texture_env_combine3 GL_ATI_texture_float GL_ATI_texture_mirror_once GL_EXT_abgr GL_EXT_bgra GL_EXT_bindable_uniform GL_EXT_blend_color GL_EXT_blend_equation_separate GL_EXT_blend_func_separate GL_EXT_blend_minmax GL_EXT_blend_subtract GL_EXT_compiled_vertex_array GL_EXT_copy_buffer GL_EXT_copy_texture GL_EXT_draw_buffers2 GL_EXT_draw_instanced GL_EXT_draw_range_elements GL_EXT_fog_coord GL_EXT_framebuffer_blit GL_EXT_framebuffer_multisample GL_EXT_framebuffer_object GL_EXT_framebuffer_sRGB GL_EXT_geometry_shader4 GL_EXT_gpu_program_parameters GL_EXT_gpu_shader4 GL_EXT_histogram GL_EXT_multi_draw_arrays GL_EXT_packed_depth_stencil GL_EXT_packed_float GL_EXT_packed_pixels GL_EXT_pixel_buffer_object GL_EXT_point_parameters GL_EXT_provoking_vertex GL_EXT_rescale_normal GL_EXT_secondary_color GL_EXT_separate_specular_color GL_EXT_shadow_funcs GL_EXT_stencil_wrap GL_EXT_subtexture GL_EXT_texgen_reflection GL_EXT_texture3D GL_EXT_texture_array GL_EXT_texture_buffer_object GL_EXT_texture_buffer_object_rgb32 GL_EXT_texture_compression_latc GL_EXT_texture_compression_rgtc GL_EXT_texture_compression_s3tc GL_EXT_texture_cube_map GL_EXT_texture_edge_clamp GL_EXT_texture_env_add GL_EXT_texture_env_combine GL_EXT_texture_env_dot3 GL_EXT_texture_filter_anisotropic GL_EXT_texture_integer GL_EXT_texture_lod GL_EXT_texture_lod_bias GL_EXT_texture_mirror_clamp GL_EXT_texture_object GL_EXT_texture_rectangle GL_EXT_texture_sRGB GL_EXT_texture_shared_exponent GL_EXT_texture_snorm GL_EXT_texture_swizzle GL_EXT_timer_query GL_EXT_transform_feedback GL_EXT_vertex_array GL_EXT_vertex_array_bgra GL_IBM_texture_mirrored_repeat GL_KTX_buffer_region GL_NV_blend_square GL_NV_conditional_render GL_NV_copy_depth_to_color GL_NV_explicit_multisample GL_NV_primitive_restart GL_NV_texgen_reflection GL_SGIS_generate_mipmap GL_SGIS_texture_edge_clamp GL_SGIS_texture_lod GL_SUN_multi_draw_arrays GL_WIN_swap_hint WGL_EXT_swap_control
17:50:33: Supported GLX extensions: GLX_ARB_create_context GLX_ARB_create_context_profile GLX_ARB_get_proc_address GLX_ARB_multisample GLX_EXT_import_context GLX_EXT_visual_info GLX_EXT_visual_rating GLX_MESA_swap_control GLX_NV_swap_group GLX_OML_swap_method GLX_SGI_make_current_read GLX_SGI_swap_control GLX_SGI_video_sync GLX_SGIS_multisample GLX_SGIX_fbconfig GLX_SGIX_pbuffer GLX_SGIX_swap_barrier GLX_SGIX_swap_group GLX_SGIX_visual_select_group GLX_EXT_texture_from_pixmap 
17:50:33: ***************************
17:50:33: *** GL Renderer Started ***
17:50:33: ***************************
17:50:33: Registering ResourceManager for type GpuProgram
17:50:33: GLSL support detected
17:50:33: GL: Using GL_EXT_framebuffer_object for rendering to textures (best)
17:50:33: FBO PF_UNKNOWN depth/stencil support: D0S1 D0S4 D0S8 D0S16 D16S0 D24S0 D32S0 Packed-D24S8 
17:50:33: FBO PF_L8 depth/stencil support: D0S0 D0S1 D0S4 D0S8 D0S16 D16S0 D24S0 D32S0 Packed-D24S8 
17:50:33: FBO PF_L16 depth/stencil support: D0S0 D0S1 D0S4 D0S8 D0S16 D16S0 D24S0 D32S0 Packed-D24S8 
17:50:33: FBO PF_A8 depth/stencil support: D0S0 D0S1 D0S4 D0S8 D0S16 D16S0 D24S0 D32S0 Packed-D24S8 
17:50:33: FBO PF_A4L4 depth/stencil support: D0S0 D0S1 D0S4 D0S8 D0S16 D16S0 D24S0 D32S0 Packed-D24S8 
17:50:33: FBO PF_BYTE_LA depth/stencil support: D0S0 D0S1 D0S4 D0S8 D0S16 D16S0 D24S0 D32S0 Packed-D24S8 
17:50:33: FBO PF_R5G6B5 depth/stencil support: D0S0 D0S1 D0S4 D0S8 D0S16 D16S0 D24S0 D32S0 Packed-D24S8 
17:50:33: FBO PF_B5G6R5 depth/stencil support: D0S0 D0S1 D0S4 D0S8 D0S16 D16S0 D24S0 D32S0 Packed-D24S8 
17:50:33: FBO PF_A4R4G4B4 depth/stencil support: D0S0 D0S1 D0S4 D0S8 D0S16 D16S0 D24S0 D32S0 Packed-D24S8 
17:50:33: FBO PF_A1R5G5B5 depth/stencil support: D0S0 D0S1 D0S4 D0S8 D0S16 D16S0 D24S0 D32S0 Packed-D24S8 
17:50:33: FBO PF_R8G8B8 depth/stencil support: D0S0 D0S1 D0S4 D0S8 D0S16 D16S0 D24S0 D32S0 Packed-D24S8 
17:50:33: FBO PF_B8G8R8 depth/stencil support: D0S0 D0S1 D0S4 D0S8 D0S16 D16S0 D24S0 D32S0 Packed-D24S8 
17:50:33: FBO PF_A8R8G8B8 depth/stencil support: D0S0 D0S1 D0S4 D0S8 D0S16 D16S0 D24S0 D32S0 Packed-D24S8 
17:50:33: FBO PF_B8G8R8A8 depth/stencil support: D0S0 D0S1 D0S4 D0S8 D0S16 D16S0 D24S0 D32S0 Packed-D24S8 
17:50:33: FBO PF_A2R10G10B10 depth/stencil support: D0S0 D0S1 D0S4 D0S8 D0S16 D16S0 D24S0 D32S0 Packed-D24S8 
17:50:33: FBO PF_A2B10G10R10 depth/stencil support: D0S0 D0S1 D0S4 D0S8 D0S16 D16S0 D24S0 D32S0 Packed-D24S8 
17:50:33: FBO PF_FLOAT16_RGB depth/stencil support: D0S0 D0S1 D0S4 D0S8 D0S16 D16S0 D24S0 D32S0 Packed-D24S8 
17:50:33: FBO PF_FLOAT16_RGBA depth/stencil support: D0S0 D0S1 D0S4 D0S8 D0S16 D16S0 D24S0 D32S0 Packed-D24S8 
17:50:33: FBO PF_FLOAT32_RGB depth/stencil support: D0S0 D0S1 D0S4 D0S8 D0S16 D16S0 D24S0 D32S0 Packed-D24S8 
17:50:33: FBO PF_FLOAT32_RGBA depth/stencil support: D0S0 D0S1 D0S4 D0S8 D0S16 D16S0 D24S0 D32S0 Packed-D24S8 
17:50:33: FBO PF_X8R8G8B8 depth/stencil support: D0S0 D0S1 D0S4 D0S8 D0S16 D16S0 D24S0 D32S0 Packed-D24S8 
17:50:33: FBO PF_X8B8G8R8 depth/stencil support: D0S0 D0S1 D0S4 D0S8 D0S16 D16S0 D24S0 D32S0 Packed-D24S8 
17:50:33: FBO PF_SHORT_RGBA depth/stencil support: D0S0 D0S1 D0S4 D0S8 D0S16 D16S0 D24S0 D32S0 Packed-D24S8 
17:50:33: FBO PF_R3G3B2 depth/stencil support: D0S0 D0S1 D0S4 D0S8 D0S16 D16S0 D24S0 D32S0 Packed-D24S8 
17:50:33: FBO PF_FLOAT16_R depth/stencil support: D0S0 D0S1 D0S4 D0S8 D0S16 D16S0 D24S0 D32S0 Packed-D24S8 
17:50:33: FBO PF_FLOAT32_R depth/stencil support: D0S0 D0S1 D0S4 D0S8 D0S16 D16S0 D24S0 D32S0 Packed-D24S8 
17:50:33: FBO PF_SHORT_GR depth/stencil support: D0S0 D0S1 D0S4 D0S8 D0S16 D16S0 D24S0 D32S0 Packed-D24S8 
17:50:33: FBO PF_FLOAT16_GR depth/stencil support: D0S0 D0S1 D0S4 D0S8 D0S16 D16S0 D24S0 D32S0 Packed-D24S8 
17:50:33: FBO PF_FLOAT32_GR depth/stencil support: D0S0 D0S1 D0S4 D0S8 D0S16 D16S0 D24S0 D32S0 Packed-D24S8 
17:50:33: FBO PF_SHORT_RGB depth/stencil support: D0S0 D0S1 D0S4 D0S8 D0S16 D16S0 D24S0 D32S0 Packed-D24S8 
17:50:33: [GL] : Valid FBO targets PF_UNKNOWN PF_L8 PF_L16 PF_A8 PF_A4L4 PF_BYTE_LA PF_R5G6B5 PF_B5G6R5 PF_A4R4G4B4 PF_A1R5G5B5 PF_R8G8B8 PF_B8G8R8 PF_A8R8G8B8 PF_B8G8R8A8 PF_A2R10G10B10 PF_A2B10G10R10 PF_FLOAT16_RGB PF_FLOAT16_RGBA PF_FLOAT32_RGB PF_FLOAT32_RGBA PF_X8R8G8B8 PF_X8B8G8R8 PF_SHORT_RGBA PF_R3G3B2 PF_FLOAT16_R PF_FLOAT32_R PF_SHORT_GR PF_FLOAT16_GR PF_FLOAT32_GR PF_SHORT_RGB 
17:50:33: RenderSystem capabilities
17:50:33: -------------------------
17:50:33: RenderSystem Name: OpenGL Rendering Subsystem
17:50:33: GPU Vendor: ati
17:50:33: Device Name: ATI Mobility Radeon HD 4650
17:50:33: Driver Version: 3.2.9756.0
17:50:33:  * Fixed function pipeline: yes
17:50:33:  * Hardware generation of mipmaps: no
17:50:33:  * Texture blending: yes
17:50:33:  * Anisotropic texture filtering: yes
17:50:33:  * Dot product texture operation: yes
17:50:33:  * Cube mapping: yes
17:50:33:  * Hardware stencil buffer: yes
17:50:33:    - Stencil depth: 8
17:50:33:    - Two sided stencil support: yes
17:50:33:    - Wrap stencil values: yes
17:50:33:  * Hardware vertex / index buffers: yes
17:50:33:  * Vertex programs: yes
17:50:33:  * Fragment programs: yes
17:50:33:  * Geometry programs: yes
17:50:33:  * Supported Shader Profiles: arbfp1 arbvp1 glsl gp4gp gpu_gp nvgp4 ps_1_1 ps_1_2 ps_1_3 ps_1_4
17:50:33:  * Texture Compression: yes
17:50:33:    - DXT: yes
17:50:33:    - VTC: no
17:50:33:  * Scissor Rectangle: yes
17:50:33:  * Hardware Occlusion Query: yes
17:50:33:  * User clip planes: yes
17:50:33:  * VET_UBYTE4 vertex element type: yes
17:50:33:  * Infinite far plane projection: yes
17:50:33:  * Hardware render-to-texture: yes
17:50:33:  * Floating point textures: yes
17:50:33:  * Non-power-of-two textures: yes
17:50:33:  * Volume textures: yes
17:50:33:  * Multiple Render Targets: 8
17:50:33:    - With different bit depths: yes
17:50:33:  * Point Sprites: yes
17:50:33:  * Extended point parameters: yes
17:50:33:  * Max Point Size: 8192
17:50:33:  * Vertex texture fetch: yes
17:50:33:    - Max vertex textures: 16
17:50:33:    - Vertex textures shared: yes
17:50:33:  * Render to Vertex Buffer : no
17:50:33:  * GL 1.5 without VBO workaround: no
17:50:33:  * Frame Buffer objects: yes
17:50:33:  * Frame Buffer objects (ARB extension): no
17:50:33:  * Frame Buffer objects (ATI extension): no
17:50:33:  * PBuffer suppport: no
17:50:33:  * GL 1.5 without HW-occlusion workaround: no
17:50:33: Registering ResourceManager for type Texture
17:50:33: ResourceBackgroundQueue - threading disabled
17:50:33: Particle Renderer Type 'billboard' registered
17:50:33: Parsing scripts for resource group Autodetect
17:50:33: Finished parsing scripts for resource group Autodetect
17:50:33: Parsing scripts for resource group General
17:50:33: Parsing script Gazebo.material
17:50:33: OGRE EXCEPTION(6:FileNotFoundException): Cannot locate resource DepthMap.vert in resource group General or any other group. in ResourceGroupManager::openResource at OgreResourceGroupManager.cpp (line 763)
17:50:33: High-level program Gazebo/DepthMapVS encountered an error during loading and is thus not supported.
OGRE EXCEPTION(6:FileNotFoundException): Cannot locate resource DepthMap.vert in resource group General or any other group. in ResourceGroupManager::openResource at OgreResourceGroupManager.cpp (line 763)
17:50:33: OGRE EXCEPTION(2:InvalidParametersException): Named constants have not been initialised, perhaps a compile error. in GpuProgramParameters::_findNamedConstantDefinition at OgreGpuProgram.cpp (line 1087)
17:50:33: Compiler error: invalid parameters in Gazebo.material(9): setting of constant failed
17:50:33: OGRE EXCEPTION(2:InvalidParametersException): Named constants have not been initialised, perhaps a compile error. in GpuProgramParameters::_findNamedConstantDefinition at OgreGpuProgram.cpp (line 1087)
17:50:33: Compiler error: invalid parameters in Gazebo.material(10): setting of constant failed
17:50:33: OGRE EXCEPTION(2:InvalidParametersException): Named constants have not been initialised, perhaps a compile error. in GpuProgramParameters::_findNamedConstantDefinition at OgreGpuProgram.cpp (line 1087)
17:50:33: Compiler error: invalid parameters in Gazebo.material(11): setting of constant failed
17:50:33: OGRE EXCEPTION(6:FileNotFoundException): Cannot locate resource DepthMap.frag in resource group General or any other group. in ResourceGroupManager::openResource at OgreResourceGroupManager.cpp (line 763)
17:50:33: High-level program Gazebo/DepthMapFS encountered an error during loading and is thus not supported.
OGRE EXCEPTION(6:FileNotFoundException): Cannot locate resource DepthMap.frag in resource group General or any other group. in ResourceGroupManager::openResource at OgreResourceGroupManager.cpp (line 763)
17:50:33: Compiler error: unknown error in Gazebo.material(58): token "lightning" is not recognized
17:50:33: Compiler error: invalid parameters in Gazebo.material(59)
17:50:33: Cannot compile GLSL high-level shader : Gazebo/PointLightFS Vertex shader failed to compile with the following errors:
ERROR: 0:32: error(#143) Undeclared identifier gl_FragColor
ERROR: 0:32: error(#160) Cannot convert from 'attribute 4-component vector of float' to 'float'
ERROR: error(#273) 2 compilation errors.  No code generated

17:50:33: OGRE EXCEPTION(7:InternalErrorException): Cannot compile GLSL high-level shader : Gazebo/PointLightFS Cannot compile GLSL high-level shader : Gazebo/PointLightFS Vertex shader failed to compile with the following errors:
ERROR: 0:32: error(#143) Undeclared identifier gl_FragColor
ERROR: 0:32: error(#160) Cannot convert from 'attribute 4-component vector of float' to 'float'
ERROR: error(#273) 2 compilation errors.  No code generated
 in GLSLProgram::loadFromSource at OgreGLSLExtSupport.cpp (line 66)
17:50:33: High-level program Gazebo/PointLightFS encountered an error during loading and is thus not supported.
OGRE EXCEPTION(7:InternalErrorException): Cannot compile GLSL high-level shader : Gazebo/PointLightFS Cannot compile GLSL high-level shader : Gazebo/PointLightFS Vertex shader failed to compile with the following errors:
ERROR: 0:32: error(#143) Undeclared identifier gl_FragColor
ERROR: 0:32: error(#160) Cannot convert from 'attribute 4-component vector of float' to 'float'
ERROR: error(#273) 2 compilation errors.  No code generated
 in GLSLProgram::loadFromSource at OgreGLSLExtSupport.cpp (line 66)
17:50:33: GLSL compiled : Gazebo/PointLightVSVertex shader was successfully compiled to run on hardware.

17:50:33: Compiler error: invalid parameters in Gazebo.material(360): depth_write third argument must be "true", "false", "yes", "no", "on", or "off"
17:50:33: Compiler error: invalid parameters in Gazebo.material(377): depth_write third argument must be "true", "false", "yes", "no", "on", or "off"
17:50:33: Parsing script sample.fontdef
17:50:33: Bad attribute line: glyph	 	0.152344	0.125	0.160156	0.1875 in font Ogre
17:50:33: Parsing script Gazebo.fontdef
17:50:33: Finished parsing scripts for resource group General
17:50:33: Parsing scripts for resource group Internal
17:50:33: Finished parsing scripts for resource group Internal
17:50:33: Texture: clouds.jpg: Loading 1 faces(PF_R8G8B8,256x256x1) with 5 generated mipmaps from Image. Internal format is PF_X8R8G8B8,256x256x1.
17:50:33: Font Arialusing texture size 512x512
17:50:33: Info: Freetype returned null for character 160 in font Arial
17:50:33: Texture: ArialTexture: Loading 1 faces(PF_BYTE_LA,512x512x1) with 0 generated mipmaps from Image. Internal format is PF_BYTE_LA,512x512x1.
17:50:33: Texture: sigueLineas.png: Loading 1 faces(PF_R8G8B8,299x234x1) with 5 generated mipmaps from Image. Internal format is PF_X8R8G8B8,299x234x1.
17:50:33: Texture: lightwood.png: Loading 1 faces(PF_R8G8B8,256x256x1) with 5 generated mipmaps from Image. Internal format is PF_X8R8G8B8,256x256x1.
17:50:34: Mesh: Loading Pioneer2dx/chassis.mesh.
17:50:34: Can't assign material Material.002 to SubEntity of ENTITY_Ogre/SceneRoot_VISUAL_948_VISUAL_949_VISUAL_950_VISUAL_951 because this Material does not exist. Have you forgotten to define it in a .material script?
17:50:34: Mesh: Loading Pioneer2at/chassis_top.mesh.
17:50:34: Can't assign material Material.003 to SubEntity of ENTITY_Ogre/SceneRoot_VISUAL_948_VISUAL_949_VISUAL_950_VISUAL_952 because this Material does not exist. Have you forgotten to define it in a .material script?
17:50:34: Mesh: Loading Pioneer2at/sonarbank.mesh.
17:50:34: Can't assign material default to SubEntity of ENTITY_Ogre/SceneRoot_VISUAL_948_VISUAL_949_VISUAL_950_VISUAL_953 because this Material does not exist. Have you forgotten to define it in a .material script?
17:50:34: Can't assign material default to SubEntity of ENTITY_Ogre/SceneRoot_VISUAL_948_VISUAL_949_VISUAL_950_VISUAL_954 because this Material does not exist. Have you forgotten to define it in a .material script?
17:50:34: Mesh: Loading Pioneer2dx/tire.mesh.
17:50:34: Can't assign material Material.004 to SubEntity of ENTITY_Ogre/SceneRoot_VISUAL_948_VISUAL_956_VISUAL_957_VISUAL_958 because this Material does not exist. Have you forgotten to define it in a .material script?
17:50:34: Mesh: Loading Pioneer2at/wheel.mesh.
17:50:34: Can't assign material Material.010 to SubEntity of ENTITY_Ogre/SceneRoot_VISUAL_948_VISUAL_956_VISUAL_957_VISUAL_959 because this Material does not exist. Have you forgotten to define it in a .material script?
17:50:34: Can't assign material Material.004 to SubEntity of ENTITY_Ogre/SceneRoot_VISUAL_948_VISUAL_962_VISUAL_963_VISUAL_964 because this Material does not exist. Have you forgotten to define it in a .material script?
17:50:34: Can't assign material Material.010 to SubEntity of ENTITY_Ogre/SceneRoot_VISUAL_948_VISUAL_962_VISUAL_963_VISUAL_965 because this Material does not exist. Have you forgotten to define it in a .material script?
17:50:34: Mesh: Loading sicklms200.mesh.
17:50:34: Can't assign material Material/SOLID to SubEntity of ENTITY_Ogre/SceneRoot_VISUAL_948_VISUAL_975_VISUAL_976_VISUAL_977_VISUAL_978 because this Material does not exist. Have you forgotten to define it in a .material script?
17:50:34: Mesh: Loading sonyvid30/sonyvid30_bottom.mesh.
17:50:34: Can't assign material Material/SOLID to SubEntity of ENTITY_Ogre/SceneRoot_VISUAL_948_VISUAL_982_VISUAL_983_VISUAL_984_VISUAL_985 because this Material does not exist. Have you forgotten to define it in a .material script?
17:50:34: Mesh: Loading sonyvid30/sonyvid30_mid.mesh.
17:50:34: Can't assign material Material/SOLID to SubEntity of ENTITY_Ogre/SceneRoot_VISUAL_948_VISUAL_982_VISUAL_987_VISUAL_988_VISUAL_989 because this Material does not exist. Have you forgotten to define it in a .material script?
17:50:34: Mesh: Loading sonyvid30/sonyvid30_top.mesh.
17:50:34: Can't assign material Material/SOLID to SubEntity of ENTITY_Ogre/SceneRoot_VISUAL_948_VISUAL_982_VISUAL_991_VISUAL_992_VISUAL_993 because this Material does not exist. Have you forgotten to define it in a .material script?
17:50:34: Can't assign material Material.001/SOLID to SubEntity of ENTITY_Ogre/SceneRoot_VISUAL_948_VISUAL_982_VISUAL_991_VISUAL_992_VISUAL_993 because this Material does not exist. Have you forgotten to define it in a .material script?
17:50:34: Can't assign material Material/SOLID to SubEntity of ENTITY_Ogre/SceneRoot_VISUAL_948_VISUAL_1001_VISUAL_1002_VISUAL_1003_VISUAL_1004 because this Material does not exist. Have you forgotten to define it in a .material script?
17:50:34: Can't assign material Material/SOLID to SubEntity of ENTITY_Ogre/SceneRoot_VISUAL_948_VISUAL_1001_VISUAL_1006_VISUAL_1007_VISUAL_1008 because this Material does not exist. Have you forgotten to define it in a .material script?
17:50:34: Can't assign material Material/SOLID to SubEntity of ENTITY_Ogre/SceneRoot_VISUAL_948_VISUAL_1001_VISUAL_1010_VISUAL_1011_VISUAL_1012 because this Material does not exist. Have you forgotten to define it in a .material script?
17:50:34: Can't assign material Material.001/SOLID to SubEntity of ENTITY_Ogre/SceneRoot_VISUAL_948_VISUAL_1001_VISUAL_1010_VISUAL_1011_VISUAL_1012 because this Material does not exist. Have you forgotten to define it in a .material script?
17:50:34: Texture: spot_shadow_fade.png: Loading 1 faces(PF_R8G8B8,128x128x1) with 5 generated mipmaps from Image. Internal format is PF_X8R8G8B8,128x128x1.
