18:00:45: Creating resource group General
18:00:45: Creating resource group Internal
18:00:45: Creating resource group Autodetect
18:00:45: SceneManagerFactory for type 'DefaultSceneManager' registered.
18:00:45: Registering ResourceManager for type Material
18:00:45: Registering ResourceManager for type Mesh
18:00:45: Registering ResourceManager for type Skeleton
18:00:45: MovableObjectFactory for type 'ParticleSystem' registered.
18:00:45: OverlayElementFactory for type Panel registered.
18:00:45: OverlayElementFactory for type BorderPanel registered.
18:00:45: OverlayElementFactory for type TextArea registered.
18:00:45: Registering ResourceManager for type Font
18:00:45: ArchiveFactory for archive type FileSystem registered.
18:00:45: ArchiveFactory for archive type Zip registered.
18:00:45: FreeImage version: 3.10.0
18:00:45: This program uses FreeImage, a free, open source image library supporting all common bitmap formats. See http://freeimage.sourceforge.net for details
18:00:45: Supported formats: bmp,ico,jpg,jif,jpeg,jpe,jng,koa,iff,lbm,mng,pbm,pbm,pcd,pcx,pgm,pgm,png,ppm,ppm,ras,tga,targa,tif,tiff,wap,wbmp,wbm,psd,cut,xbm,xpm,gif,hdr,g3,sgi,exr,j2k,j2c,jp2
18:00:45: DDS codec registering
18:00:45: Registering ResourceManager for type HighLevelGpuProgram
18:00:45: Registering ResourceManager for type Compositor
18:00:45: MovableObjectFactory for type 'Entity' registered.
18:00:45: MovableObjectFactory for type 'Light' registered.
18:00:45: MovableObjectFactory for type 'BillboardSet' registered.
18:00:45: MovableObjectFactory for type 'ManualObject' registered.
18:00:45: MovableObjectFactory for type 'BillboardChain' registered.
18:00:45: MovableObjectFactory for type 'RibbonTrail' registered.
18:00:45: OGRE EXCEPTION(6:FileNotFoundException): 'plugins.cfg' file not found! in ConfigFile::load at OgreConfigFile.cpp (line 84)
18:00:45: plugins.cfg not found, automatic plugin loading disabled.
18:00:45: *-*-* OGRE Initialising
18:00:45: *-*-* Version 1.6.4 (Shoggoth)
18:00:45: Loading library /usr/lib/OGRE/RenderSystem_GL.so
18:00:45: Installing plugin: GL RenderSystem
18:00:45: OpenGL Rendering Subsystem created.
18:00:45: Plugin successfully installed
18:00:45: Loading library /usr/lib/OGRE/Plugin_ParticleFX.so
18:00:45: Installing plugin: ParticleFX
18:00:45: Particle Emitter Type 'Point' registered
18:00:45: Particle Emitter Type 'Box' registered
18:00:45: Particle Emitter Type 'Ellipsoid' registered
18:00:45: Particle Emitter Type 'Cylinder' registered
18:00:45: Particle Emitter Type 'Ring' registered
18:00:45: Particle Emitter Type 'HollowEllipsoid' registered
18:00:45: Particle Affector Type 'LinearForce' registered
18:00:45: Particle Affector Type 'ColourFader' registered
18:00:45: Particle Affector Type 'ColourFader2' registered
18:00:45: Particle Affector Type 'ColourImage' registered
18:00:45: Particle Affector Type 'ColourInterpolator' registered
18:00:45: Particle Affector Type 'Scaler' registered
18:00:45: Particle Affector Type 'Rotator' registered
18:00:45: Particle Affector Type 'DirectionRandomiser' registered
18:00:45: Particle Affector Type 'DeflectorPlane' registered
18:00:45: Plugin successfully installed
18:00:45: Added resource location '/usr/local/share/gazebo/Media' of type 'FileSystem' to resource group 'General'
18:00:45: Added resource location '/usr/local/share/gazebo/Media/fonts' of type 'FileSystem' to resource group 'General'
18:00:45: Added resource location '/usr/local/share/gazebo/Media/materials/programs' of type 'FileSystem' to resource group 'General'
18:00:45: Added resource location '/usr/local/share/gazebo/Media/materials/scripts' of type 'FileSystem' to resource group 'General'
18:00:45: Added resource location '/usr/local/share/gazebo/Media/materials/textures' of type 'FileSystem' to resource group 'General'
18:00:45: Added resource location '/usr/local/share/gazebo/Media/models' of type 'FileSystem' to resource group 'General'
18:00:45: Added resource location '/usr/local/share/gazebo/Media/sets' of type 'FileSystem' to resource group 'General'
18:00:45: Added resource location '/usr/local/share/gazebo/Media/maps' of type 'FileSystem' to resource group 'General'
18:00:45: Added resource location '/usr/local/share/gazebo/Media/sets/.' of type 'FileSystem' to resource group 'General'
18:00:45: Added resource location '/usr/local/share/gazebo/Media/sets/..' of type 'FileSystem' to resource group 'General'
18:00:45: Added resource location '/usr/local/share/gazebo/Media/sets/pioneer2at' of type 'FileSystem' to resource group 'General'
18:00:45: Added resource location '/usr/local/share/gazebo/Media/sets/pioneer2dx' of type 'FileSystem' to resource group 'General'
18:00:45: CPU Identifier & Features
18:00:45: -------------------------
18:00:45:  *   CPU ID: GenuineIntel: Intel(R) Core(TM)2 Quad  CPU   Q8200  @ 2.33GHz
18:00:45:  *      SSE: yes
18:00:45:  *     SSE2: yes
18:00:45:  *     SSE3: yes
18:00:45:  *      MMX: yes
18:00:45:  *   MMXEXT: yes
18:00:45:  *    3DNOW: no
18:00:45:  * 3DNOWEXT: no
18:00:45:  *     CMOV: yes
18:00:45:  *      TSC: yes
18:00:45:  *      FPU: yes
18:00:45:  *      PRO: yes
18:00:45:  *       HT: no
18:00:45: -------------------------
18:00:45: ******************************
*** Starting GLX Subsystem ***
******************************
18:00:45: GLRenderSystem::_createRenderWindow "OgreWindow(0)", 548x480 windowed  miscParams: FSAA=2 externalWindowHandle=96469023 
18:00:45: GLXWindow::create: The externalWindowHandle parameter is deprecated.
Use the parentWindowHandle or currentGLContext parameter instead.
18:00:45: GLXWindow::create used FBConfigID = 125
18:00:45: GL_VERSION = 3.2.0 NVIDIA 195.36.24
18:00:45: GL_VENDOR = NVIDIA Corporation
18:00:45: GL_RENDERER = GeForce 9600 GT/PCI/SSE2
18:00:45: GL_EXTENSIONS = GL_ARB_color_buffer_float GL_ARB_compatibility GL_ARB_copy_buffer GL_ARB_depth_buffer_float GL_ARB_depth_clamp GL_ARB_depth_texture GL_ARB_draw_buffers GL_ARB_draw_elements_base_vertex GL_ARB_draw_instanced GL_ARB_fragment_coord_conventions GL_ARB_fragment_program GL_ARB_fragment_program_shadow GL_ARB_fragment_shader GL_ARB_framebuffer_object GL_ARB_framebuffer_sRGB GL_ARB_geometry_shader4 GL_ARB_half_float_pixel GL_ARB_half_float_vertex GL_ARB_imaging GL_ARB_map_buffer_range GL_ARB_multisample GL_ARB_multitexture GL_ARB_occlusion_query GL_ARB_pixel_buffer_object GL_ARB_point_parameters GL_ARB_point_sprite GL_ARB_provoking_vertex GL_ARB_seamless_cube_map GL_ARB_shader_objects GL_ARB_shading_language_100 GL_ARB_shadow GL_ARB_sync GL_ARB_texture_border_clamp GL_ARB_texture_buffer_object GL_ARB_texture_compression GL_ARB_texture_compression_rgtc GL_ARB_texture_cube_map GL_ARB_texture_env_add GL_ARB_texture_env_combine GL_ARB_texture_env_crossbar GL_ARB_texture_env_dot3 GL_ARB_texture_float GL_ARB_texture_mirrored_repeat GL_ARB_texture_multisample GL_ARB_texture_non_power_of_two GL_ARB_texture_rectangle GL_ARB_texture_rg GL_ARB_transpose_matrix GL_ARB_uniform_buffer_object GL_ARB_vertex_array_bgra GL_ARB_vertex_array_object GL_ARB_vertex_buffer_object GL_ARB_vertex_program GL_ARB_vertex_shader GL_ARB_window_pos GL_ATI_draw_buffers GL_ATI_texture_float GL_ATI_texture_mirror_once GL_S3_s3tc GL_EXT_texture_env_add GL_EXT_abgr GL_EXT_bgra GL_EXT_bindable_uniform GL_EXT_blend_color GL_EXT_blend_equation_separate GL_EXT_blend_func_separate GL_EXT_blend_minmax GL_EXT_blend_subtract GL_EXT_compiled_vertex_array GL_EXT_Cg_shader GL_EXT_depth_bounds_test GL_EXT_direct_state_access GL_EXT_draw_buffers2 GL_EXT_draw_instanced GL_EXT_draw_range_elements GL_EXT_fog_coord GL_EXT_framebuffer_blit GL_EXT_framebuffer_multisample GL_EXTX_framebuffer_mixed_formats GL_EXT_framebuffer_object GL_EXT_framebuffer_sRGB GL_EXT_geometry_shader4 GL_EXT_gpu_program_parameters GL_EXT_gpu_shader4 GL_EXT_multi_draw_arrays GL_EXT_packed_depth_stencil GL_EXT_packed_float GL_EXT_packed_pixels GL_EXT_pixel_buffer_object GL_EXT_point_parameters GL_EXT_provoking_vertex GL_EXT_rescale_normal GL_EXT_secondary_color GL_EXT_separate_shader_objects GL_EXT_separate_specular_color GL_EXT_shadow_funcs GL_EXT_stencil_two_side GL_EXT_stencil_wrap GL_EXT_texture3D GL_EXT_texture_array GL_EXT_texture_buffer_object GL_EXT_texture_compression_latc GL_EXT_texture_compression_rgtc GL_EXT_texture_compression_s3tc GL_EXT_texture_cube_map GL_EXT_texture_edge_clamp GL_EXT_texture_env_combine GL_EXT_texture_env_dot3 GL_EXT_texture_filter_anisotropic GL_EXT_texture_integer GL_EXT_texture_lod GL_EXT_texture_lod_bias GL_EXT_texture_mirror_clamp GL_EXT_texture_object GL_EXT_texture_shared_exponent GL_EXT_texture_sRGB GL_EXT_texture_swizzle GL_EXT_timer_query GL_EXT_vertex_array GL_EXT_vertex_array_bgra GL_IBM_rasterpos_clip GL_IBM_texture_mirrored_repeat GL_KTX_buffer_region GL_NV_blend_square GL_NV_conditional_render GL_NV_copy_depth_to_color GL_NV_copy_image GL_NV_depth_buffer_float GL_NV_depth_clamp GL_NV_explicit_multisample GL_NV_fence GL_NV_float_buffer GL_NV_fog_distance GL_NV_fragment_program GL_NV_fragment_program_option GL_NV_fragment_program2 GL_NV_framebuffer_multisample_coverage GL_NV_geometry_shader4 GL_NV_gpu_program4 GL_NV_half_float GL_NV_light_max_exponent GL_NV_multisample_coverage GL_NV_multisample_filter_hint GL_NV_occlusion_query GL_NV_packed_depth_stencil GL_NV_parameter_buffer_object GL_NV_parameter_buffer_object2 GL_NV_pixel_data_range GL_NV_point_sprite GL_NV_primitive_restart GL_NV_register_combiners GL_NV_register_combiners2 GL_NV_shader_buffer_load GL_NV_texgen_reflection GL_NV_texture_barrier GL_NV_texture_compression_vtc GL_NV_texture_env_combine4 GL_NV_texture_expand_normal GL_NV_texture_rectangle GL_NV_texture_shader GL_NV_texture_shader2 GL_NV_texture_shader3 GL_NV_transform_feedback GL_NV_vertex_array_range GL_NV_vertex_array_range2 GL_NV_vertex_buffer_unified_memory GL_NV_vertex_program GL_NV_vertex_program1_1 GL_NV_vertex_program2 GL_NV_vertex_program2_option GL_NV_vertex_program3 GL_NVX_conditional_render GL_NVX_gpu_memory_info GL_SGIS_generate_mipmap GL_SGIS_texture_lod GL_SGIX_depth_texture GL_SGIX_shadow GL_SUN_slice_accum 
18:00:45: Supported GLX extensions: GLX_EXT_visual_info GLX_EXT_visual_rating GLX_SGIX_fbconfig GLX_SGIX_pbuffer GLX_SGI_video_sync GLX_SGI_swap_control GLX_EXT_swap_control GLX_EXT_texture_from_pixmap GLX_ARB_create_context GLX_ARB_create_context_profile GLX_ARB_multisample GLX_NV_float_buffer GLX_ARB_fbconfig_float GLX_EXT_framebuffer_sRGB GLX_ARB_get_proc_address 
18:00:45: ***************************
18:00:45: *** GL Renderer Started ***
18:00:45: ***************************
18:00:45: Registering ResourceManager for type GpuProgram
18:00:45: GLSL support detected
18:00:45: GL: Using GL_EXT_framebuffer_object for rendering to textures (best)
18:00:45: FBO PF_UNKNOWN depth/stencil support: D16S0 D24S0 D32S0 Packed-D24S8 
18:00:45: FBO PF_L8 depth/stencil support: D0S0 D16S0 D24S0 D32S0 Packed-D24S8 
18:00:45: FBO PF_A8 depth/stencil support: D0S0 D16S0 D24S0 D32S0 Packed-D24S8 
18:00:45: FBO PF_A4L4 depth/stencil support: D0S0 D16S0 D24S0 D32S0 Packed-D24S8 
18:00:45: FBO PF_BYTE_LA depth/stencil support: D0S0 D16S0 D24S0 D32S0 Packed-D24S8 
18:00:45: FBO PF_R5G6B5 depth/stencil support: D0S0 D16S0 D24S0 D32S0 Packed-D24S8 
18:00:45: FBO PF_B5G6R5 depth/stencil support: D0S0 D16S0 D24S0 D32S0 Packed-D24S8 
18:00:45: FBO PF_A1R5G5B5 depth/stencil support: D0S0 D16S0 D24S0 D32S0 Packed-D24S8 
18:00:45: FBO PF_R8G8B8 depth/stencil support: D0S0 D16S0 D24S0 D32S0 Packed-D24S8 
18:00:45: FBO PF_B8G8R8 depth/stencil support: D0S0 D16S0 D24S0 D32S0 Packed-D24S8 
18:00:45: FBO PF_A8R8G8B8 depth/stencil support: D0S0 D16S0 D24S0 D32S0 Packed-D24S8 
18:00:45: FBO PF_B8G8R8A8 depth/stencil support: D0S0 D16S0 D24S0 D32S0 Packed-D24S8 
18:00:45: FBO PF_A2R10G10B10 depth/stencil support: D0S0 D16S0 D24S0 D32S0 Packed-D24S8 
18:00:45: FBO PF_A2B10G10R10 depth/stencil support: D0S0 D16S0 D24S0 D32S0 Packed-D24S8 
18:00:45: FBO PF_FLOAT16_RGB depth/stencil support: D0S0 D16S0 D24S0 D32S0 Packed-D24S8 
18:00:45: FBO PF_FLOAT16_RGBA depth/stencil support: D0S0 D16S0 D24S0 D32S0 Packed-D24S8 
18:00:45: FBO PF_FLOAT32_RGB depth/stencil support: D0S0 D16S0 D24S0 D32S0 Packed-D24S8 
18:00:45: FBO PF_FLOAT32_RGBA depth/stencil support: D0S0 D16S0 D24S0 D32S0 Packed-D24S8 
18:00:45: FBO PF_X8R8G8B8 depth/stencil support: D0S0 D16S0 D24S0 D32S0 Packed-D24S8 
18:00:45: FBO PF_X8B8G8R8 depth/stencil support: D0S0 D16S0 D24S0 D32S0 Packed-D24S8 
18:00:45: FBO PF_SHORT_RGBA depth/stencil support: D0S0 D16S0 D24S0 D32S0 Packed-D24S8 
18:00:45: FBO PF_R3G3B2 depth/stencil support: D0S0 D16S0 D24S0 D32S0 Packed-D24S8 
18:00:45: FBO PF_FLOAT16_R depth/stencil support: D0S0 D16S0 D24S0 D32S0 Packed-D24S8 
18:00:45: FBO PF_FLOAT32_R depth/stencil support: D0S0 D16S0 D24S0 D32S0 Packed-D24S8 
18:00:45: FBO PF_FLOAT16_GR depth/stencil support: D0S0 D16S0 D24S0 D32S0 Packed-D24S8 
18:00:45: FBO PF_FLOAT32_GR depth/stencil support: D0S0 D16S0 D24S0 D32S0 Packed-D24S8 
18:00:45: FBO PF_SHORT_RGB depth/stencil support: D0S0 D16S0 D24S0 D32S0 Packed-D24S8 
18:00:45: [GL] : Valid FBO targets PF_UNKNOWN PF_L8 PF_A8 PF_A4L4 PF_BYTE_LA PF_R5G6B5 PF_B5G6R5 PF_A1R5G5B5 PF_R8G8B8 PF_B8G8R8 PF_A8R8G8B8 PF_B8G8R8A8 PF_A2R10G10B10 PF_A2B10G10R10 PF_FLOAT16_RGB PF_FLOAT16_RGBA PF_FLOAT32_RGB PF_FLOAT32_RGBA PF_X8R8G8B8 PF_X8B8G8R8 PF_SHORT_RGBA PF_R3G3B2 PF_FLOAT16_R PF_FLOAT32_R PF_FLOAT16_GR PF_FLOAT32_GR PF_SHORT_RGB 
18:00:45: RenderSystem capabilities
18:00:45: -------------------------
18:00:45: RenderSystem Name: OpenGL Rendering Subsystem
18:00:45: GPU Vendor: nvidia
18:00:45: Device Name: GeForce 9600 GT/PCI/SSE2
18:00:45: Driver Version: 3.2.0.0
18:00:45:  * Fixed function pipeline: yes
18:00:45:  * Hardware generation of mipmaps: yes
18:00:45:  * Texture blending: yes
18:00:45:  * Anisotropic texture filtering: yes
18:00:45:  * Dot product texture operation: yes
18:00:45:  * Cube mapping: yes
18:00:45:  * Hardware stencil buffer: no
18:00:45:  * Hardware vertex / index buffers: yes
18:00:45:  * Vertex programs: yes
18:00:45:  * Fragment programs: yes
18:00:45:  * Geometry programs: yes
18:00:45:  * Supported Shader Profiles: arbfp1 arbvp1 fp20 fp30 fp40 glsl gp4gp gpu_gp nvgp4 vp30 vp40
18:00:45:  * Texture Compression: yes
18:00:45:    - DXT: yes
18:00:45:    - VTC: yes
18:00:45:  * Scissor Rectangle: yes
18:00:45:  * Hardware Occlusion Query: yes
18:00:45:  * User clip planes: yes
18:00:45:  * VET_UBYTE4 vertex element type: yes
18:00:45:  * Infinite far plane projection: yes
18:00:45:  * Hardware render-to-texture: yes
18:00:45:  * Floating point textures: yes
18:00:45:  * Non-power-of-two textures: yes
18:00:45:  * Volume textures: yes
18:00:45:  * Multiple Render Targets: 8
18:00:45:    - With different bit depths: yes
18:00:45:  * Point Sprites: yes
18:00:45:  * Extended point parameters: yes
18:00:45:  * Max Point Size: 63.375
18:00:45:  * Vertex texture fetch: yes
18:00:45:    - Max vertex textures: 32
18:00:45:    - Vertex textures shared: yes
18:00:45:  * Render to Vertex Buffer : yes
18:00:45:  * GL 1.5 without VBO workaround: no
18:00:45:  * Frame Buffer objects: yes
18:00:45:  * Frame Buffer objects (ARB extension): no
18:00:45:  * Frame Buffer objects (ATI extension): no
18:00:45:  * PBuffer suppport: no
18:00:45:  * GL 1.5 without HW-occlusion workaround: no
18:00:45: Registering ResourceManager for type Texture
18:00:45: ResourceBackgroundQueue - threading disabled
18:00:45: Particle Renderer Type 'billboard' registered
18:00:45: Parsing scripts for resource group Autodetect
18:00:45: Finished parsing scripts for resource group Autodetect
18:00:45: Parsing scripts for resource group General
18:00:45: Parsing script Gazebo.material
18:00:45: OGRE EXCEPTION(6:FileNotFoundException): Cannot locate resource DepthMap.vert in resource group General or any other group. in ResourceGroupManager::openResource at OgreResourceGroupManager.cpp (line 763)
18:00:45: High-level program Gazebo/DepthMapVS encountered an error during loading and is thus not supported.
OGRE EXCEPTION(6:FileNotFoundException): Cannot locate resource DepthMap.vert in resource group General or any other group. in ResourceGroupManager::openResource at OgreResourceGroupManager.cpp (line 763)
18:00:45: OGRE EXCEPTION(2:InvalidParametersException): Named constants have not been initialised, perhaps a compile error. in GpuProgramParameters::_findNamedConstantDefinition at OgreGpuProgram.cpp (line 1087)
18:00:45: Compiler error: invalid parameters in Gazebo.material(9): setting of constant failed
18:00:45: OGRE EXCEPTION(2:InvalidParametersException): Named constants have not been initialised, perhaps a compile error. in GpuProgramParameters::_findNamedConstantDefinition at OgreGpuProgram.cpp (line 1087)
18:00:45: Compiler error: invalid parameters in Gazebo.material(10): setting of constant failed
18:00:45: OGRE EXCEPTION(2:InvalidParametersException): Named constants have not been initialised, perhaps a compile error. in GpuProgramParameters::_findNamedConstantDefinition at OgreGpuProgram.cpp (line 1087)
18:00:45: Compiler error: invalid parameters in Gazebo.material(11): setting of constant failed
18:00:45: OGRE EXCEPTION(6:FileNotFoundException): Cannot locate resource DepthMap.frag in resource group General or any other group. in ResourceGroupManager::openResource at OgreResourceGroupManager.cpp (line 763)
18:00:45: High-level program Gazebo/DepthMapFS encountered an error during loading and is thus not supported.
OGRE EXCEPTION(6:FileNotFoundException): Cannot locate resource DepthMap.frag in resource group General or any other group. in ResourceGroupManager::openResource at OgreResourceGroupManager.cpp (line 763)
18:00:45: Compiler error: unknown error in Gazebo.material(58): token "lightning" is not recognized
18:00:45: Compiler error: invalid parameters in Gazebo.material(59)
18:00:45: GLSL compiling: Gazebo/PointLightFS
18:00:45: GLSL compiled : Gazebo/PointLightFS
18:00:45: GLSL compiling: Gazebo/PointLightVS
18:00:45: GLSL compiled : Gazebo/PointLightVS
18:00:45: Compiler error: invalid parameters in Gazebo.material(360): depth_write third argument must be "true", "false", "yes", "no", "on", or "off"
18:00:45: Compiler error: invalid parameters in Gazebo.material(377): depth_write third argument must be "true", "false", "yes", "no", "on", or "off"
18:00:45: Parsing script Gazebo.fontdef
18:00:45: Parsing script sample.fontdef
18:00:45: Bad attribute line: glyph	 	0.152344	0.125	0.160156	0.1875 in font Ogre
18:00:45: Finished parsing scripts for resource group General
18:00:45: Parsing scripts for resource group Internal
18:00:45: Finished parsing scripts for resource group Internal
18:00:45: WARNING: Stencil shadows were requested, but this device does not have a hardware stencil. Shadows disabled.
18:00:45: Texture: clouds.jpg: Loading 1 faces(PF_R8G8B8,256x256x1) with 5 generated mipmaps from Image. Internal format is PF_X8R8G8B8,256x256x1.
18:00:45: Font Arialusing texture size 512x512
18:00:45: Info: Freetype returned null for character 160 in font Arial
18:00:45: Texture: ArialTexture: Loading 1 faces(PF_BYTE_LA,512x512x1) with 0 generated mipmaps from Image. Internal format is PF_BYTE_LA,512x512x1.
18:00:45: Texture: sigueLineas.png: Loading 1 faces(PF_R8G8B8,299x234x1) with 5 generated mipmaps from Image. Internal format is PF_X8R8G8B8,299x234x1.
18:00:45: Texture: lightwood.png: Loading 1 faces(PF_R8G8B8,256x256x1) with 5 generated mipmaps from Image. Internal format is PF_X8R8G8B8,256x256x1.
18:00:46: Mesh: Loading Pioneer2dx/chassis.mesh.
18:00:46: Can't assign material Material.002 to SubEntity of ENTITY_Ogre/SceneRoot_VISUAL_948_VISUAL_949_VISUAL_950_VISUAL_951 because this Material does not exist. Have you forgotten to define it in a .material script?
18:00:46: Mesh: Loading Pioneer2at/chassis_top.mesh.
18:00:46: Can't assign material Material.003 to SubEntity of ENTITY_Ogre/SceneRoot_VISUAL_948_VISUAL_949_VISUAL_950_VISUAL_952 because this Material does not exist. Have you forgotten to define it in a .material script?
18:00:46: Mesh: Loading Pioneer2at/sonarbank.mesh.
18:00:46: Can't assign material default to SubEntity of ENTITY_Ogre/SceneRoot_VISUAL_948_VISUAL_949_VISUAL_950_VISUAL_953 because this Material does not exist. Have you forgotten to define it in a .material script?
18:00:46: Can't assign material default to SubEntity of ENTITY_Ogre/SceneRoot_VISUAL_948_VISUAL_949_VISUAL_950_VISUAL_954 because this Material does not exist. Have you forgotten to define it in a .material script?
18:00:46: Mesh: Loading Pioneer2dx/tire.mesh.
18:00:46: Can't assign material Material.004 to SubEntity of ENTITY_Ogre/SceneRoot_VISUAL_948_VISUAL_956_VISUAL_957_VISUAL_958 because this Material does not exist. Have you forgotten to define it in a .material script?
18:00:46: Mesh: Loading Pioneer2at/wheel.mesh.
18:00:46: Can't assign material Material.010 to SubEntity of ENTITY_Ogre/SceneRoot_VISUAL_948_VISUAL_956_VISUAL_957_VISUAL_959 because this Material does not exist. Have you forgotten to define it in a .material script?
18:00:46: Can't assign material Material.004 to SubEntity of ENTITY_Ogre/SceneRoot_VISUAL_948_VISUAL_962_VISUAL_963_VISUAL_964 because this Material does not exist. Have you forgotten to define it in a .material script?
18:00:46: Can't assign material Material.010 to SubEntity of ENTITY_Ogre/SceneRoot_VISUAL_948_VISUAL_962_VISUAL_963_VISUAL_965 because this Material does not exist. Have you forgotten to define it in a .material script?
18:00:46: Mesh: Loading sicklms200.mesh.
18:00:46: Can't assign material Material/SOLID to SubEntity of ENTITY_Ogre/SceneRoot_VISUAL_948_VISUAL_975_VISUAL_976_VISUAL_977_VISUAL_978 because this Material does not exist. Have you forgotten to define it in a .material script?
18:00:46: Mesh: Loading sonyvid30/sonyvid30_bottom.mesh.
18:00:46: Can't assign material Material/SOLID to SubEntity of ENTITY_Ogre/SceneRoot_VISUAL_948_VISUAL_982_VISUAL_983_VISUAL_984_VISUAL_985 because this Material does not exist. Have you forgotten to define it in a .material script?
18:00:46: Mesh: Loading sonyvid30/sonyvid30_mid.mesh.
18:00:46: Can't assign material Material/SOLID to SubEntity of ENTITY_Ogre/SceneRoot_VISUAL_948_VISUAL_982_VISUAL_987_VISUAL_988_VISUAL_989 because this Material does not exist. Have you forgotten to define it in a .material script?
18:00:46: Mesh: Loading sonyvid30/sonyvid30_top.mesh.
18:00:46: Can't assign material Material/SOLID to SubEntity of ENTITY_Ogre/SceneRoot_VISUAL_948_VISUAL_982_VISUAL_991_VISUAL_992_VISUAL_993 because this Material does not exist. Have you forgotten to define it in a .material script?
18:00:46: Can't assign material Material.001/SOLID to SubEntity of ENTITY_Ogre/SceneRoot_VISUAL_948_VISUAL_982_VISUAL_991_VISUAL_992_VISUAL_993 because this Material does not exist. Have you forgotten to define it in a .material script?
18:00:46: Can't assign material Material/SOLID to SubEntity of ENTITY_Ogre/SceneRoot_VISUAL_948_VISUAL_1001_VISUAL_1002_VISUAL_1003_VISUAL_1004 because this Material does not exist. Have you forgotten to define it in a .material script?
18:00:46: Can't assign material Material/SOLID to SubEntity of ENTITY_Ogre/SceneRoot_VISUAL_948_VISUAL_1001_VISUAL_1006_VISUAL_1007_VISUAL_1008 because this Material does not exist. Have you forgotten to define it in a .material script?
18:00:46: Can't assign material Material/SOLID to SubEntity of ENTITY_Ogre/SceneRoot_VISUAL_948_VISUAL_1001_VISUAL_1010_VISUAL_1011_VISUAL_1012 because this Material does not exist. Have you forgotten to define it in a .material script?
18:00:46: Can't assign material Material.001/SOLID to SubEntity of ENTITY_Ogre/SceneRoot_VISUAL_948_VISUAL_1001_VISUAL_1010_VISUAL_1011_VISUAL_1012 because this Material does not exist. Have you forgotten to define it in a .material script?
