19:05:41: Creating resource group General
19:05:41: Creating resource group Internal
19:05:41: Creating resource group Autodetect
19:05:41: SceneManagerFactory for type 'DefaultSceneManager' registered.
19:05:41: Registering ResourceManager for type Material
19:05:41: Registering ResourceManager for type Mesh
19:05:41: Registering ResourceManager for type Skeleton
19:05:41: MovableObjectFactory for type 'ParticleSystem' registered.
19:05:41: OverlayElementFactory for type Panel registered.
19:05:41: OverlayElementFactory for type BorderPanel registered.
19:05:41: OverlayElementFactory for type TextArea registered.
19:05:41: Registering ResourceManager for type Font
19:05:41: ArchiveFactory for archive type FileSystem registered.
19:05:41: ArchiveFactory for archive type Zip registered.
19:05:41: FreeImage version: 3.10.0
19:05:41: This program uses FreeImage, a free, open source image library supporting all common bitmap formats. See http://freeimage.sourceforge.net for details
19:05:41: Supported formats: bmp,ico,jpg,jif,jpeg,jpe,jng,koa,iff,lbm,mng,pbm,pbm,pcd,pcx,pgm,pgm,png,ppm,ppm,ras,tga,targa,tif,tiff,wap,wbmp,wbm,psd,cut,xbm,xpm,gif,hdr,g3,sgi,exr,j2k,j2c,jp2
19:05:41: DDS codec registering
19:05:41: Registering ResourceManager for type HighLevelGpuProgram
19:05:41: Registering ResourceManager for type Compositor
19:05:41: MovableObjectFactory for type 'Entity' registered.
19:05:41: MovableObjectFactory for type 'Light' registered.
19:05:41: MovableObjectFactory for type 'BillboardSet' registered.
19:05:41: MovableObjectFactory for type 'ManualObject' registered.
19:05:41: MovableObjectFactory for type 'BillboardChain' registered.
19:05:41: MovableObjectFactory for type 'RibbonTrail' registered.
19:05:41: OGRE EXCEPTION(6:FileNotFoundException): 'plugins.cfg' file not found! in ConfigFile::load at OgreConfigFile.cpp (line 84)
19:05:41: plugins.cfg not found, automatic plugin loading disabled.
19:05:41: *-*-* OGRE Initialising
19:05:41: *-*-* Version 1.6.4 (Shoggoth)
19:05:41: Loading library /usr/lib/OGRE/RenderSystem_GL.so
19:05:41: Installing plugin: GL RenderSystem
19:05:41: OpenGL Rendering Subsystem created.
19:05:41: Plugin successfully installed
19:05:41: Loading library /usr/lib/OGRE/Plugin_ParticleFX.so
19:05:41: Installing plugin: ParticleFX
19:05:41: Particle Emitter Type 'Point' registered
19:05:41: Particle Emitter Type 'Box' registered
19:05:41: Particle Emitter Type 'Ellipsoid' registered
19:05:41: Particle Emitter Type 'Cylinder' registered
19:05:41: Particle Emitter Type 'Ring' registered
19:05:41: Particle Emitter Type 'HollowEllipsoid' registered
19:05:41: Particle Affector Type 'LinearForce' registered
19:05:41: Particle Affector Type 'ColourFader' registered
19:05:41: Particle Affector Type 'ColourFader2' registered
19:05:41: Particle Affector Type 'ColourImage' registered
19:05:41: Particle Affector Type 'ColourInterpolator' registered
19:05:41: Particle Affector Type 'Scaler' registered
19:05:41: Particle Affector Type 'Rotator' registered
19:05:41: Particle Affector Type 'DirectionRandomiser' registered
19:05:41: Particle Affector Type 'DeflectorPlane' registered
19:05:41: Plugin successfully installed
19:05:41: Added resource location '/usr/local/share/gazebo/Media' of type 'FileSystem' to resource group 'General'
19:05:41: Added resource location '/usr/local/share/gazebo/Media/fonts' of type 'FileSystem' to resource group 'General'
19:05:41: Added resource location '/usr/local/share/gazebo/Media/materials/programs' of type 'FileSystem' to resource group 'General'
19:05:41: Added resource location '/usr/local/share/gazebo/Media/materials/scripts' of type 'FileSystem' to resource group 'General'
19:05:41: Added resource location '/usr/local/share/gazebo/Media/materials/textures' of type 'FileSystem' to resource group 'General'
19:05:41: Added resource location '/usr/local/share/gazebo/Media/models' of type 'FileSystem' to resource group 'General'
19:05:41: Added resource location '/usr/local/share/gazebo/Media/sets' of type 'FileSystem' to resource group 'General'
19:05:41: Added resource location '/usr/local/share/gazebo/Media/maps' of type 'FileSystem' to resource group 'General'
19:05:41: Added resource location '/usr/local/share/gazebo/Media/sets/..' of type 'FileSystem' to resource group 'General'
19:05:41: Added resource location '/usr/local/share/gazebo/Media/sets/.' of type 'FileSystem' to resource group 'General'
19:05:41: Added resource location '/usr/local/share/gazebo/Media/sets/pioneer2at' of type 'FileSystem' to resource group 'General'
19:05:41: Added resource location '/usr/local/share/gazebo/Media/sets/pioneer2dx' of type 'FileSystem' to resource group 'General'
19:05:41: CPU Identifier & Features
19:05:41: -------------------------
19:05:41:  *   CPU ID: GenuineIntel: Intel(R) Core(TM)2 Quad  CPU   Q8200  @ 2.33GHz
19:05:41:  *      SSE: yes
19:05:41:  *     SSE2: yes
19:05:41:  *     SSE3: yes
19:05:41:  *      MMX: yes
19:05:41:  *   MMXEXT: yes
19:05:41:  *    3DNOW: no
19:05:41:  * 3DNOWEXT: no
19:05:41:  *     CMOV: yes
19:05:41:  *      TSC: yes
19:05:41:  *      FPU: yes
19:05:41:  *      PRO: yes
19:05:41:  *       HT: no
19:05:41: -------------------------
19:05:41: ******************************
*** Starting GLX Subsystem ***
******************************
19:05:41: GLRenderSystem::_createRenderWindow "OgreWindow(0)", 548x480 windowed  miscParams: FSAA=2 externalWindowHandle=92274719 
19:05:41: GLXWindow::create: The externalWindowHandle parameter is deprecated.
Use the parentWindowHandle or currentGLContext parameter instead.
19:05:41: GLXWindow::create used FBConfigID = 125
19:05:41: GL_VERSION = 3.3.0 NVIDIA 290.10
19:05:41: GL_VENDOR = NVIDIA Corporation
19:05:41: GL_RENDERER = GeForce 9600 GT/PCI/SSE2
19:05:41: GL_EXTENSIONS = GL_ARB_base_instance GL_ARB_blend_func_extended GL_ARB_color_buffer_float GL_ARB_compatibility GL_ARB_compressed_texture_pixel_storage GL_ARB_conservative_depth GL_ARB_copy_buffer GL_ARB_depth_buffer_float GL_ARB_depth_clamp GL_ARB_depth_texture GL_ARB_draw_buffers GL_ARB_draw_elements_base_vertex GL_ARB_draw_instanced GL_ARB_ES2_compatibility GL_ARB_explicit_attrib_location GL_ARB_fragment_coord_conventions GL_ARB_fragment_program GL_ARB_fragment_program_shadow GL_ARB_fragment_shader GL_ARB_framebuffer_object GL_ARB_framebuffer_sRGB GL_ARB_geometry_shader4 GL_ARB_get_program_binary GL_ARB_half_float_pixel GL_ARB_half_float_vertex GL_ARB_imaging GL_ARB_instanced_arrays GL_ARB_internalformat_query GL_ARB_map_buffer_alignment GL_ARB_map_buffer_range GL_ARB_multisample GL_ARB_multitexture GL_ARB_occlusion_query GL_ARB_occlusion_query2 GL_ARB_pixel_buffer_object GL_ARB_point_parameters GL_ARB_point_sprite GL_ARB_provoking_vertex GL_ARB_robustness GL_ARB_sampler_objects GL_ARB_seamless_cube_map GL_ARB_separate_shader_objects GL_ARB_shader_bit_encoding GL_ARB_shader_objects GL_ARB_shading_language_100 GL_ARB_shading_language_420pack GL_ARB_shading_language_include GL_ARB_shading_language_packing GL_ARB_shadow GL_ARB_sync GL_ARB_texture_border_clamp GL_ARB_texture_buffer_object GL_ARB_texture_compression GL_ARB_texture_compression_rgtc GL_ARB_texture_cube_map GL_ARB_texture_env_add GL_ARB_texture_env_combine GL_ARB_texture_env_crossbar GL_ARB_texture_env_dot3 GL_ARB_texture_float GL_ARB_texture_mirrored_repeat GL_ARB_texture_multisample GL_ARB_texture_non_power_of_two GL_ARB_texture_rectangle GL_ARB_texture_rg GL_ARB_texture_rgb10_a2ui GL_ARB_texture_storage GL_ARB_texture_swizzle GL_ARB_timer_query GL_ARB_transpose_matrix GL_ARB_uniform_buffer_object GL_ARB_vertex_array_bgra GL_ARB_vertex_array_object GL_ARB_vertex_buffer_object GL_ARB_vertex_program GL_ARB_vertex_shader GL_ARB_vertex_type_2_10_10_10_rev GL_ARB_viewport_array GL_ARB_window_pos GL_ATI_draw_buffers GL_ATI_texture_float GL_ATI_texture_mirror_once GL_S3_s3tc GL_EXT_texture_env_add GL_EXT_abgr GL_EXT_bgra GL_EXT_bindable_uniform GL_EXT_blend_color GL_EXT_blend_equation_separate GL_EXT_blend_func_separate GL_EXT_blend_minmax GL_EXT_blend_subtract GL_EXT_compiled_vertex_array GL_EXT_Cg_shader GL_EXT_depth_bounds_test GL_EXT_direct_state_access GL_EXT_draw_buffers2 GL_EXT_draw_instanced GL_EXT_draw_range_elements GL_EXT_fog_coord GL_EXT_framebuffer_blit GL_EXT_framebuffer_multisample GL_EXTX_framebuffer_mixed_formats GL_EXT_framebuffer_object GL_EXT_framebuffer_sRGB GL_EXT_geometry_shader4 GL_EXT_gpu_program_parameters GL_EXT_gpu_shader4 GL_EXT_multi_draw_arrays GL_EXT_packed_depth_stencil GL_EXT_packed_float GL_EXT_packed_pixels GL_EXT_pixel_buffer_object GL_EXT_point_parameters GL_EXT_provoking_vertex GL_EXT_rescale_normal GL_EXT_secondary_color GL_EXT_separate_shader_objects GL_EXT_separate_specular_color GL_EXT_shadow_funcs GL_EXT_stencil_two_side GL_EXT_stencil_wrap GL_EXT_texture3D GL_EXT_texture_array GL_EXT_texture_buffer_object GL_EXT_texture_compression_dxt1 GL_EXT_texture_compression_latc GL_EXT_texture_compression_rgtc GL_EXT_texture_compression_s3tc GL_EXT_texture_cube_map GL_EXT_texture_edge_clamp GL_EXT_texture_env_combine GL_EXT_texture_env_dot3 GL_EXT_texture_filter_anisotropic GL_EXT_texture_format_BGRA8888 GL_EXT_texture_integer GL_EXT_texture_lod GL_EXT_texture_lod_bias GL_EXT_texture_mirror_clamp GL_EXT_texture_object GL_EXT_texture_shared_exponent GL_EXT_texture_sRGB GL_EXT_texture_sRGB_decode GL_EXT_texture_storage GL_EXT_texture_swizzle GL_EXT_texture_type_2_10_10_10_REV GL_EXT_timer_query GL_EXT_vertex_array GL_EXT_vertex_array_bgra GL_EXT_x11_sync_object GL_EXT_import_sync_object GL_IBM_rasterpos_clip GL_IBM_texture_mirrored_repeat GL_KTX_buffer_region GL_NV_alpha_test GL_NV_blend_minmax GL_NV_blend_square GL_NV_complex_primitives GL_NV_conditional_render GL_NV_copy_depth_to_color GL_NV_copy_image GL_NV_depth_buffer_float GL_NV_depth_clamp GL_NV_explicit_multisample GL_NV_fbo_color_attachments GL_NV_fence GL_NV_float_buffer GL_NV_fog_distance GL_NV_fragdepth GL_NV_fragment_program GL_NV_fragment_program_option GL_NV_fragment_program2 GL_NV_framebuffer_multisample_coverage GL_NV_geometry_shader4 GL_NV_gpu_program4 GL_NV_half_float GL_NV_light_max_exponent GL_NV_multisample_coverage GL_NV_multisample_filter_hint GL_NV_occlusion_query GL_NV_packed_depth_stencil GL_NV_parameter_buffer_object GL_NV_parameter_buffer_object2 GL_NV_path_rendering GL_NV_pixel_data_range GL_NV_point_sprite GL_NV_primitive_restart GL_NV_register_combiners GL_NV_register_combiners2 GL_NV_shader_buffer_load GL_NV_texgen_reflection GL_NV_texture_barrier GL_NV_texture_compression_vtc GL_NV_texture_env_combine4 GL_NV_texture_expand_normal GL_NV_texture_lod_clamp GL_NV_texture_multisample GL_NV_texture_rectangle GL_NV_texture_shader GL_NV_texture_shader2 GL_NV_texture_shader3 GL_NV_transform_feedback GL_NV_vdpau_interop GL_NV_vertex_array_range GL_NV_vertex_array_range2 GL_NV_vertex_buffer_unified_memory GL_NV_vertex_program GL_NV_vertex_program1_1 GL_NV_vertex_program2 GL_NV_vertex_program2_option GL_NV_vertex_program3 GL_NVX_conditional_render GL_NVX_gpu_memory_info GL_OES_depth24 GL_OES_depth32 GL_OES_depth_texture GL_OES_element_index_uint GL_OES_fbo_render_mipmap GL_OES_get_program_binary GL_OES_mapbuffer GL_OES_packed_depth_stencil GL_OES_rgb8_rgba8 GL_OES_standard_derivatives GL_OES_texture_3D GL_OES_texture_float GL_OES_texture_float_linear GL_OES_texture_half_float GL_OES_texture_half_float_linear GL_OES_texture_npot GL_OES_vertex_array_object GL_OES_vertex_half_float GL_SGIS_generate_mipmap GL_SGIS_texture_lod GL_SGIX_depth_texture GL_SGIX_shadow GL_SUN_slice_accum 
19:05:41: Supported GLX extensions: GLX_EXT_visual_info GLX_EXT_visual_rating GLX_SGIX_fbconfig GLX_SGIX_pbuffer GLX_SGI_video_sync GLX_SGI_swap_control GLX_EXT_swap_control GLX_EXT_texture_from_pixmap GLX_ARB_create_context GLX_ARB_create_context_profile GLX_EXT_create_context_es2_profile GLX_ARB_create_context_robustness GLX_ARB_multisample GLX_NV_float_buffer GLX_ARB_fbconfig_float GLX_EXT_framebuffer_sRGB GLX_ARB_get_proc_address 
19:05:41: ***************************
19:05:41: *** GL Renderer Started ***
19:05:41: ***************************
19:05:41: Registering ResourceManager for type GpuProgram
19:05:41: GLSL support detected
19:05:41: GL: Using GL_EXT_framebuffer_object for rendering to textures (best)
19:05:41: FBO PF_UNKNOWN depth/stencil support: D16S0 D24S0 D32S0 Packed-D24S8 
19:05:41: FBO PF_L8 depth/stencil support: D0S0 D16S0 D24S0 D32S0 Packed-D24S8 
19:05:41: FBO PF_A8 depth/stencil support: D0S0 D16S0 D24S0 D32S0 Packed-D24S8 
19:05:41: FBO PF_A4L4 depth/stencil support: D0S0 D16S0 D24S0 D32S0 Packed-D24S8 
19:05:41: FBO PF_BYTE_LA depth/stencil support: D0S0 D16S0 D24S0 D32S0 Packed-D24S8 
19:05:41: FBO PF_R5G6B5 depth/stencil support: D0S0 D16S0 D24S0 D32S0 Packed-D24S8 
19:05:41: FBO PF_B5G6R5 depth/stencil support: D0S0 D16S0 D24S0 D32S0 Packed-D24S8 
19:05:41: FBO PF_A4R4G4B4 depth/stencil support: D0S0 D16S0 D24S0 D32S0 Packed-D24S8 
19:05:41: FBO PF_A1R5G5B5 depth/stencil support: D0S0 D16S0 D24S0 D32S0 Packed-D24S8 
19:05:41: FBO PF_R8G8B8 depth/stencil support: D0S0 D16S0 D24S0 D32S0 Packed-D24S8 
19:05:41: FBO PF_B8G8R8 depth/stencil support: D0S0 D16S0 D24S0 D32S0 Packed-D24S8 
19:05:41: FBO PF_A8R8G8B8 depth/stencil support: D0S0 D16S0 D24S0 D32S0 Packed-D24S8 
19:05:41: FBO PF_B8G8R8A8 depth/stencil support: D0S0 D16S0 D24S0 D32S0 Packed-D24S8 
19:05:41: FBO PF_A2R10G10B10 depth/stencil support: D0S0 D16S0 D24S0 D32S0 Packed-D24S8 
19:05:41: FBO PF_A2B10G10R10 depth/stencil support: D0S0 D16S0 D24S0 D32S0 Packed-D24S8 
19:05:41: FBO PF_FLOAT16_RGB depth/stencil support: D0S0 D16S0 D24S0 D32S0 Packed-D24S8 
19:05:41: FBO PF_FLOAT16_RGBA depth/stencil support: D0S0 D16S0 D24S0 D32S0 Packed-D24S8 
19:05:41: FBO PF_FLOAT32_RGB depth/stencil support: D0S0 D16S0 D24S0 D32S0 Packed-D24S8 
19:05:41: FBO PF_FLOAT32_RGBA depth/stencil support: D0S0 D16S0 D24S0 D32S0 Packed-D24S8 
19:05:41: FBO PF_X8R8G8B8 depth/stencil support: D0S0 D16S0 D24S0 D32S0 Packed-D24S8 
19:05:41: FBO PF_X8B8G8R8 depth/stencil support: D0S0 D16S0 D24S0 D32S0 Packed-D24S8 
19:05:41: FBO PF_SHORT_RGBA depth/stencil support: D0S0 D16S0 D24S0 D32S0 Packed-D24S8 
19:05:41: FBO PF_R3G3B2 depth/stencil support: D0S0 D16S0 D24S0 D32S0 Packed-D24S8 
19:05:41: FBO PF_FLOAT16_R depth/stencil support: D0S0 D16S0 D24S0 D32S0 Packed-D24S8 
19:05:41: FBO PF_FLOAT32_R depth/stencil support: D0S0 D16S0 D24S0 D32S0 Packed-D24S8 
19:05:41: FBO PF_FLOAT16_GR depth/stencil support: D0S0 D16S0 D24S0 D32S0 Packed-D24S8 
19:05:41: FBO PF_FLOAT32_GR depth/stencil support: D0S0 D16S0 D24S0 D32S0 Packed-D24S8 
19:05:41: FBO PF_SHORT_RGB depth/stencil support: D0S0 D16S0 D24S0 D32S0 Packed-D24S8 
19:05:41: [GL] : Valid FBO targets PF_UNKNOWN PF_L8 PF_A8 PF_A4L4 PF_BYTE_LA PF_R5G6B5 PF_B5G6R5 PF_A4R4G4B4 PF_A1R5G5B5 PF_R8G8B8 PF_B8G8R8 PF_A8R8G8B8 PF_B8G8R8A8 PF_A2R10G10B10 PF_A2B10G10R10 PF_FLOAT16_RGB PF_FLOAT16_RGBA PF_FLOAT32_RGB PF_FLOAT32_RGBA PF_X8R8G8B8 PF_X8B8G8R8 PF_SHORT_RGBA PF_R3G3B2 PF_FLOAT16_R PF_FLOAT32_R PF_FLOAT16_GR PF_FLOAT32_GR PF_SHORT_RGB 
19:05:41: RenderSystem capabilities
19:05:41: -------------------------
19:05:41: RenderSystem Name: OpenGL Rendering Subsystem
19:05:41: GPU Vendor: nvidia
19:05:41: Device Name: GeForce 9600 GT/PCI/SSE2
19:05:41: Driver Version: 3.3.0.0
19:05:41:  * Fixed function pipeline: yes
19:05:41:  * Hardware generation of mipmaps: yes
19:05:41:  * Texture blending: yes
19:05:41:  * Anisotropic texture filtering: yes
19:05:41:  * Dot product texture operation: yes
19:05:41:  * Cube mapping: yes
19:05:41:  * Hardware stencil buffer: no
19:05:41:  * Hardware vertex / index buffers: yes
19:05:41:  * Vertex programs: yes
19:05:41:  * Fragment programs: yes
19:05:41:  * Geometry programs: yes
19:05:41:  * Supported Shader Profiles: arbfp1 arbvp1 fp20 fp30 fp40 glsl gp4gp gpu_gp nvgp4 vp30 vp40
19:05:41:  * Texture Compression: yes
19:05:41:    - DXT: yes
19:05:41:    - VTC: yes
19:05:41:  * Scissor Rectangle: yes
19:05:41:  * Hardware Occlusion Query: yes
19:05:41:  * User clip planes: yes
19:05:41:  * VET_UBYTE4 vertex element type: yes
19:05:41:  * Infinite far plane projection: yes
19:05:41:  * Hardware render-to-texture: yes
19:05:41:  * Floating point textures: yes
19:05:41:  * Non-power-of-two textures: yes
19:05:41:  * Volume textures: yes
19:05:41:  * Multiple Render Targets: 8
19:05:41:    - With different bit depths: yes
19:05:41:  * Point Sprites: yes
19:05:41:  * Extended point parameters: yes
19:05:41:  * Max Point Size: 63.375
19:05:41:  * Vertex texture fetch: yes
19:05:41:    - Max vertex textures: 32
19:05:41:    - Vertex textures shared: yes
19:05:41:  * Render to Vertex Buffer : yes
19:05:41:  * GL 1.5 without VBO workaround: no
19:05:41:  * Frame Buffer objects: yes
19:05:41:  * Frame Buffer objects (ARB extension): no
19:05:41:  * Frame Buffer objects (ATI extension): no
19:05:41:  * PBuffer suppport: no
19:05:41:  * GL 1.5 without HW-occlusion workaround: no
19:05:41: Registering ResourceManager for type Texture
19:05:41: ResourceBackgroundQueue - threading disabled
19:05:41: Particle Renderer Type 'billboard' registered
19:05:41: Parsing scripts for resource group Autodetect
19:05:41: Finished parsing scripts for resource group Autodetect
19:05:41: Parsing scripts for resource group General
19:05:41: Parsing script Gazebo.material
19:05:41: OGRE EXCEPTION(6:FileNotFoundException): Cannot locate resource DepthMap.vert in resource group General or any other group. in ResourceGroupManager::openResource at OgreResourceGroupManager.cpp (line 763)
19:05:41: High-level program Gazebo/DepthMapVS encountered an error during loading and is thus not supported.
OGRE EXCEPTION(6:FileNotFoundException): Cannot locate resource DepthMap.vert in resource group General or any other group. in ResourceGroupManager::openResource at OgreResourceGroupManager.cpp (line 763)
19:05:41: OGRE EXCEPTION(2:InvalidParametersException): Named constants have not been initialised, perhaps a compile error. in GpuProgramParameters::_findNamedConstantDefinition at OgreGpuProgram.cpp (line 1087)
19:05:41: Compiler error: invalid parameters in Gazebo.material(9): setting of constant failed
19:05:41: OGRE EXCEPTION(2:InvalidParametersException): Named constants have not been initialised, perhaps a compile error. in GpuProgramParameters::_findNamedConstantDefinition at OgreGpuProgram.cpp (line 1087)
19:05:41: Compiler error: invalid parameters in Gazebo.material(10): setting of constant failed
19:05:41: OGRE EXCEPTION(2:InvalidParametersException): Named constants have not been initialised, perhaps a compile error. in GpuProgramParameters::_findNamedConstantDefinition at OgreGpuProgram.cpp (line 1087)
19:05:41: Compiler error: invalid parameters in Gazebo.material(11): setting of constant failed
19:05:41: OGRE EXCEPTION(6:FileNotFoundException): Cannot locate resource DepthMap.frag in resource group General or any other group. in ResourceGroupManager::openResource at OgreResourceGroupManager.cpp (line 763)
19:05:41: High-level program Gazebo/DepthMapFS encountered an error during loading and is thus not supported.
OGRE EXCEPTION(6:FileNotFoundException): Cannot locate resource DepthMap.frag in resource group General or any other group. in ResourceGroupManager::openResource at OgreResourceGroupManager.cpp (line 763)
19:05:41: Compiler error: unknown error in Gazebo.material(58): token "lightning" is not recognized
19:05:41: Compiler error: invalid parameters in Gazebo.material(59)
19:05:41: GLSL compiling: Gazebo/PointLightFS
19:05:41: GLSL compiled : Gazebo/PointLightFS
19:05:41: GLSL compiling: Gazebo/PointLightVS
19:05:41: GLSL compiled : Gazebo/PointLightVS
19:05:41: Compiler error: invalid parameters in Gazebo.material(360): depth_write third argument must be "true", "false", "yes", "no", "on", or "off"
19:05:41: Compiler error: invalid parameters in Gazebo.material(377): depth_write third argument must be "true", "false", "yes", "no", "on", or "off"
19:05:41: Parsing script Gazebo.fontdef
19:05:41: Parsing script sample.fontdef
19:05:41: Bad attribute line: glyph	 	0.152344	0.125	0.160156	0.1875 in font Ogre
19:05:41: Finished parsing scripts for resource group General
19:05:41: Parsing scripts for resource group Internal
19:05:41: Finished parsing scripts for resource group Internal
19:05:41: WARNING: Stencil shadows were requested, but this device does not have a hardware stencil. Shadows disabled.
19:05:41: Texture: clouds.jpg: Loading 1 faces(PF_R8G8B8,256x256x1) with 5 generated mipmaps from Image. Internal format is PF_X8R8G8B8,256x256x1.
19:05:41: Font Arialusing texture size 512x512
19:05:41: Info: Freetype returned null for character 160 in font Arial
19:05:41: Texture: ArialTexture: Loading 1 faces(PF_BYTE_LA,512x512x1) with 0 generated mipmaps from Image. Internal format is PF_BYTE_LA,512x512x1.
19:05:41: Texture: sigueLineas.png: Loading 1 faces(PF_R8G8B8,299x234x1) with 5 generated mipmaps from Image. Internal format is PF_X8R8G8B8,299x234x1.
19:05:42: Texture: lightwood.png: Loading 1 faces(PF_R8G8B8,256x256x1) with 5 generated mipmaps from Image. Internal format is PF_X8R8G8B8,256x256x1.
19:05:42: Mesh: Loading Pioneer2dx/chassis.mesh.
19:05:42: Can't assign material Material.002 to SubEntity of ENTITY_Ogre/SceneRoot_VISUAL_948_VISUAL_949_VISUAL_950_VISUAL_951 because this Material does not exist. Have you forgotten to define it in a .material script?
19:05:42: Mesh: Loading Pioneer2at/chassis_top.mesh.
19:05:42: Can't assign material Material.003 to SubEntity of ENTITY_Ogre/SceneRoot_VISUAL_948_VISUAL_949_VISUAL_950_VISUAL_952 because this Material does not exist. Have you forgotten to define it in a .material script?
19:05:42: Mesh: Loading Pioneer2at/sonarbank.mesh.
19:05:42: Can't assign material default to SubEntity of ENTITY_Ogre/SceneRoot_VISUAL_948_VISUAL_949_VISUAL_950_VISUAL_953 because this Material does not exist. Have you forgotten to define it in a .material script?
19:05:42: Can't assign material default to SubEntity of ENTITY_Ogre/SceneRoot_VISUAL_948_VISUAL_949_VISUAL_950_VISUAL_954 because this Material does not exist. Have you forgotten to define it in a .material script?
19:05:42: Mesh: Loading Pioneer2dx/tire.mesh.
19:05:42: Can't assign material Material.004 to SubEntity of ENTITY_Ogre/SceneRoot_VISUAL_948_VISUAL_956_VISUAL_957_VISUAL_958 because this Material does not exist. Have you forgotten to define it in a .material script?
19:05:42: Mesh: Loading Pioneer2at/wheel.mesh.
19:05:42: Can't assign material Material.010 to SubEntity of ENTITY_Ogre/SceneRoot_VISUAL_948_VISUAL_956_VISUAL_957_VISUAL_959 because this Material does not exist. Have you forgotten to define it in a .material script?
19:05:42: Can't assign material Material.004 to SubEntity of ENTITY_Ogre/SceneRoot_VISUAL_948_VISUAL_962_VISUAL_963_VISUAL_964 because this Material does not exist. Have you forgotten to define it in a .material script?
19:05:42: Can't assign material Material.010 to SubEntity of ENTITY_Ogre/SceneRoot_VISUAL_948_VISUAL_962_VISUAL_963_VISUAL_965 because this Material does not exist. Have you forgotten to define it in a .material script?
19:05:42: Mesh: Loading sicklms200.mesh.
19:05:42: Can't assign material Material/SOLID to SubEntity of ENTITY_Ogre/SceneRoot_VISUAL_948_VISUAL_975_VISUAL_976_VISUAL_977_VISUAL_978 because this Material does not exist. Have you forgotten to define it in a .material script?
19:05:42: Mesh: Loading sonyvid30/sonyvid30_bottom.mesh.
19:05:42: Can't assign material Material/SOLID to SubEntity of ENTITY_Ogre/SceneRoot_VISUAL_948_VISUAL_982_VISUAL_983_VISUAL_984_VISUAL_985 because this Material does not exist. Have you forgotten to define it in a .material script?
19:05:42: Mesh: Loading sonyvid30/sonyvid30_mid.mesh.
19:05:42: Can't assign material Material/SOLID to SubEntity of ENTITY_Ogre/SceneRoot_VISUAL_948_VISUAL_982_VISUAL_987_VISUAL_988_VISUAL_989 because this Material does not exist. Have you forgotten to define it in a .material script?
19:05:42: Mesh: Loading sonyvid30/sonyvid30_top.mesh.
19:05:42: Can't assign material Material/SOLID to SubEntity of ENTITY_Ogre/SceneRoot_VISUAL_948_VISUAL_982_VISUAL_991_VISUAL_992_VISUAL_993 because this Material does not exist. Have you forgotten to define it in a .material script?
19:05:42: Can't assign material Material.001/SOLID to SubEntity of ENTITY_Ogre/SceneRoot_VISUAL_948_VISUAL_982_VISUAL_991_VISUAL_992_VISUAL_993 because this Material does not exist. Have you forgotten to define it in a .material script?
19:05:42: Can't assign material Material/SOLID to SubEntity of ENTITY_Ogre/SceneRoot_VISUAL_948_VISUAL_1001_VISUAL_1002_VISUAL_1003_VISUAL_1004 because this Material does not exist. Have you forgotten to define it in a .material script?
19:05:42: Can't assign material Material/SOLID to SubEntity of ENTITY_Ogre/SceneRoot_VISUAL_948_VISUAL_1001_VISUAL_1006_VISUAL_1007_VISUAL_1008 because this Material does not exist. Have you forgotten to define it in a .material script?
19:05:42: Can't assign material Material/SOLID to SubEntity of ENTITY_Ogre/SceneRoot_VISUAL_948_VISUAL_1001_VISUAL_1010_VISUAL_1011_VISUAL_1012 because this Material does not exist. Have you forgotten to define it in a .material script?
19:05:42: Can't assign material Material.001/SOLID to SubEntity of ENTITY_Ogre/SceneRoot_VISUAL_948_VISUAL_1001_VISUAL_1010_VISUAL_1011_VISUAL_1012 because this Material does not exist. Have you forgotten to define it in a .material script?
